<?xml version="1.0" encoding="UTF-8"?>
<testng-results ignored="0" total="1" passed="1" failed="0" skipped="0">
  <reporter-output>
  </reporter-output>
  <suite started-at="2026-04-29T18:49:21 WIB" name="Surefire suite" finished-at="2026-04-29T18:49:34 WIB" duration-ms="12071">
    <groups>
      <group name="cucumber">
        <method signature="AbstractTestNGCucumberTests.runScenario(io.cucumber.testng.PickleWrapper,io.cucumber.testng.FeatureWrapper)[pri:0, instance:com.juaracoding.kelompok1.TestRunner@33afa13b]" name="runScenario" class="io.cucumber.testng.AbstractTestNGCucumberTests"/>
      </group> <!-- cucumber -->
    </groups>
    <test started-at="2026-04-29T18:49:21 WIB" name="Surefire test" finished-at="2026-04-29T18:49:34 WIB" duration-ms="12071">
      <class name="com.juaracoding.kelompok1.TestRunner">
        <test-method is-config="true" signature="setUpClass(org.testng.ITestContext)[pri:0, instance:com.juaracoding.kelompok1.TestRunner@33afa13b]" started-at="2026-04-29T18:49:21 WIB" name="setUpClass" finished-at="2026-04-29T18:49:22 WIB" duration-ms="644" status="PASS">
          <params>
            <param index="0">
              <value>
                <![CDATA[org.testng.TestRunner@58ae402b]]>
              </value>
            </param>
          </params>
          <reporter-output>
          </reporter-output>
        </test-method> <!-- setUpClass -->
        <test-method signature="runScenario(io.cucumber.testng.PickleWrapper,io.cucumber.testng.FeatureWrapper)[pri:0, instance:com.juaracoding.kelompok1.TestRunner@33afa13b]" started-at="2026-04-29T18:49:22 WIB" name="runScenario" description="Runs Cucumber Scenarios" data-provider="scenarios" finished-at="2026-04-29T18:49:33 WIB" duration-ms="11021" status="PASS">
          <params>
            <param index="0">
              <value>
                <![CDATA["Cancel a cuti request successfully"]]>
              </value>
            </param>
            <param index="1">
              <value>
                <![CDATA["Laporan Cuti Functionality"]]>
              </value>
            </param>
          </params>
          <reporter-output>
          </reporter-output>
        </test-method> <!-- runScenario -->
        <test-method is-config="true" signature="tearDownClass()[pri:0, instance:com.juaracoding.kelompok1.TestRunner@33afa13b]" started-at="2026-04-29T18:49:33 WIB" name="tearDownClass" finished-at="2026-04-29T18:49:34 WIB" duration-ms="359" status="PASS">
          <reporter-output>
          </reporter-output>
        </test-method> <!-- tearDownClass -->
      </class> <!-- com.juaracoding.kelompok1.TestRunner -->
    </test> <!-- Surefire test -->
  </suite> <!-- Surefire suite -->
</testng-results>
