<?xml version="1.0" encoding="UTF-8"?>
<testsuite xmlns:xsi="http://www.w3.org/2001/XMLSchema-instance" xsi:noNamespaceSchemaLocation="https://maven.apache.org/surefire/maven-surefire-plugin/xsd/surefire-test-report.xsd" version="3.0.1" name="com.juaracoding.kelompok1.TestRunner" time="12.542" tests="1" errors="0" skipped="0" failures="0">
  <properties>
[...]
</properties>
  <testcase name="runScenario[&quot;Cancel a cuti request successfully&quot;, &quot;Laporan Cuti Functionality&quot;](1)" classname="com.juaracoding.kelompok1.TestRunner" time="11.021">
    <system-out><![CDATA[
@SIT @LaporanCuti
&amp#27;[1mScenario:&amp#27;[22m Cancel a cuti request successfully                          &amp#27;[90m# src/main/resources/features/LaporanCuti.feature:40&amp#27;[39m
  &amp#27;[32m✔&amp#27;[39m &amp#27;[32m&amp#27;[1mGiven &amp#27;[22mthe user is on the login page&amp#27;[39m                               &amp#27;[90m# com.juaracoding.kelompok1.LoginTest.the_user_is_on_the_login_page()&amp#27;[39m
  &amp#27;[32m✔&amp#27;[39m &amp#27;[32m&amp#27;[1mWhen &amp#27;[22mthe user enters valid email and password&amp#27;[39m                     &amp#27;[90m# com.juaracoding.kelompok1.LoginTest.the_user_enters_valid_email_and_password()&amp#27;[39m
  &amp#27;[32m✔&amp#27;[39m &amp#27;[32m&amp#27;[1mAnd &amp#27;[22mclicks the login button&amp#27;[39m                                       &amp#27;[90m# com.juaracoding.kelompok1.LoginTest.clicks_the_login_button()&amp#27;[39m
  &amp#27;[32m✔&amp#27;[39m &amp#27;[32m&amp#27;[1mThen &amp#27;[22mthe user should be redirected to the dashboard page&amp#27;[39m          &amp#27;[90m# com.juaracoding.kelompok1.LoginTest.the_user_should_be_redirected_to_the_dashboard_page()&amp#27;[39m
  &amp#27;[32m✔&amp#27;[39m &amp#27;[32m&amp#27;[1mAnd &amp#27;[22mthe page header should display Logo Hadir&amp#27;[39m                     &amp#27;[90m# com.juaracoding.kelompok1.LoginTest.the_page_header_should_display_Logo_Hadir()&amp#27;[39m
  &amp#27;[32m✔&amp#27;[39m &amp#27;[32m&amp#27;[1mAnd &amp#27;[22mthe user navigates to the Laporan menu&amp#27;[39m                        &amp#27;[90m# com.juaracoding.kelompok1.LaporanCutiTest.the_user_navigates_to_the_laporan_menu()&amp#27;[39m
  &amp#27;[32m✔&amp#27;[39m &amp#27;[32m&amp#27;[1mThen &amp#27;[22mthe user selects the Cuti submenu&amp#27;[39m                            &amp#27;[90m# com.juaracoding.kelompok1.LaporanCutiTest.the_user_selects_the_cuti_submenu()&amp#27;[39m
  &amp#27;[32m✔&amp#27;[39m &amp#27;[32m&amp#27;[1mWhen &amp#27;[22mthe user enters name &amp#27;[1m"Aditya"&amp#27;[22m in the search field&amp#27;[39m            &amp#27;[90m# com.juaracoding.kelompok1.LaporanCutiTest.the_user_enters_name_in_the_search_field(java.lang.String)&amp#27;[39m
  &amp#27;[32m✔&amp#27;[39m &amp#27;[32m&amp#27;[1mAnd &amp#27;[22mclicks the search button&amp#27;[39m                                      &amp#27;[90m# com.juaracoding.kelompok1.LaporanCutiTest.clicks_the_search_button()&amp#27;[39m
  &amp#27;[32m✔&amp#27;[39m &amp#27;[32m&amp#27;[1mAnd &amp#27;[22mthe user scrolls the table to the right to find Action button&amp#27;[39m &amp#27;[90m# com.juaracoding.kelompok1.LaporanCutiTest.the_user_scrolls_horizontal_to_action()&amp#27;[39m
  &amp#27;[32m✔&amp#27;[39m &amp#27;[32m&amp#27;[1mAnd &amp#27;[22mclicks the action button on the first row&amp#27;[39m                     &amp#27;[90m# com.juaracoding.kelompok1.LaporanCutiTest.clicks_the_action_button_on_the_first_row()&amp#27;[39m
  &amp#27;[32m✔&amp#27;[39m &amp#27;[32m&amp#27;[1mAnd &amp#27;[22mclicks the cancel cuti action with reason &amp#27;[1m"Tidak jadi cuti"&amp#27;[22m&amp#27;[39m   &amp#27;[90m# com.juaracoding.kelompok1.LaporanCutiTest.clicks_the_cancel_cuti_action_with_reason(java.lang.String)&amp#27;[39m

        &amp#27;[34mEmbedding Evidence_Berhasil [image/png 57489 bytes]&amp#27;[39m

]]></system-out>
    <system-err><![CDATA[SLF4J(W): No SLF4J providers were found.
SLF4J(W): Defaulting to no-operation (NOP) logger implementation
SLF4J(W): See https://www.slf4j.org/codes.html#noProviders for further details.
Apr 29, 2026 6:49:24 PM org.openqa.selenium.devtools.CdpVersionFinder findNearestMatch
WARNING: Unable to find an exact match for CDP version 147, returning the closest version; found: 145; Please update to a Selenium version that supports CDP version 147
]]></system-err>
  </testcase>
</testsuite>