<?xml version="1.0" encoding="UTF-8"?>
<testsuite xmlns:xsi="http://www.w3.org/2001/XMLSchema-instance" xsi:noNamespaceSchemaLocation="https://maven.apache.org/surefire/maven-surefire-plugin/xsd/surefire-test-report.xsd" version="3.0.1" name="TestSuite" time="16.422" tests="42" errors="0" skipped="0" failures="42">
  <properties>
[...]
</properties>
  <testcase name="runScenario[&quot;Download laporan absen berdasarkan tanggal, nik, name, upliner, divisi, dan unit&quot;, &quot;Download Absen Functionality&quot;](1)" classname="com.juaracoding.kelompok1.TestRunner" time="13.412">
    <failure message="invalid session id: session deleted as the browser has closed the connection&#10;from disconnected: unable to send message to renderer&#10;  (Session info: chrome=147.0.7727.102)&#10;Build info: version: &apos;4.43.0&apos;, revision: &apos;dd0f534&apos;&#10;System info: os.name: &apos;Windows 10&apos;, os.arch: &apos;amd64&apos;, os.version: &apos;10.0&apos;, java.version: &apos;25.0.2&apos;&#10;Driver info: org.openqa.selenium.chrome.ChromeDriver&#10;Command: [0f6f8fd94552e4792d17eb366a713927, findElement {value=//li[@role=&apos;option&apos; and contains(., &apos;Axiata Digital Labs&apos;)], using=xpath}]&#10;Capabilities {acceptInsecureCerts: false, browserName: chrome, browserVersion: 147.0.7727.102, chrome: {chromedriverVersion: 147.0.7727.117 (474cc805edd..., userDataDir: C:\Users\62819\AppData\Loca...}, fedcm:accounts: true, goog:chromeOptions: {debuggerAddress: localhost:55044}, goog:processID: 17680, networkConnectionEnabled: false, pageLoadStrategy: normal, platformName: windows, proxy: Proxy(), se:cdp: ws://localhost:55044/devtoo..., se:cdpVersion: 147.0.7727.102, setWindowRect: true, strictFileInteractability: false, timeouts: {implicit: 0, pageLoad: 300000, script: 30000}, unhandledPromptBehavior: dismiss and notify, webauthn:extension:credBlob: true, webauthn:extension:largeBlob: true, webauthn:extension:minPinLength: true, webauthn:extension:prf: true, webauthn:virtualAuthenticators: true}&#10;Session ID: 0f6f8fd94552e4792d17eb366a713927" type="org.openqa.selenium.NoSuchSessionException"><![CDATA[org.openqa.selenium.NoSuchSessionException: 
invalid session id: session deleted as the browser has closed the connection
from disconnected: unable to send message to renderer
  (Session info: chrome=147.0.7727.102)
Build info: version: '4.43.0', revision: 'dd0f534'
System info: os.name: 'Windows 10', os.arch: 'amd64', os.version: '10.0', java.version: '25.0.2'
Driver info: org.openqa.selenium.chrome.ChromeDriver
Command: [0f6f8fd94552e4792d17eb366a713927, findElement {value=//li[@role='option' and contains(., 'Axiata Digital Labs')], using=xpath}]
Capabilities {acceptInsecureCerts: false, browserName: chrome, browserVersion: 147.0.7727.102, chrome: {chromedriverVersion: 147.0.7727.117 (474cc805edd..., userDataDir: C:\Users\62819\AppData\Loca...}, fedcm:accounts: true, goog:chromeOptions: {debuggerAddress: localhost:55044}, goog:processID: 17680, networkConnectionEnabled: false, pageLoadStrategy: normal, platformName: windows, proxy: Proxy(), se:cdp: ws://localhost:55044/devtoo..., se:cdpVersion: 147.0.7727.102, setWindowRect: true, strictFileInteractability: false, timeouts: {implicit: 0, pageLoad: 300000, script: 30000}, unhandledPromptBehavior: dismiss and notify, webauthn:extension:credBlob: true, webauthn:extension:largeBlob: true, webauthn:extension:minPinLength: true, webauthn:extension:prf: true, webauthn:virtualAuthenticators: true}
Session ID: 0f6f8fd94552e4792d17eb366a713927
	at org.openqa.selenium.remote.ErrorCodec.decode(ErrorCodec.java:169)
	at org.openqa.selenium.remote.codec.w3c.W3CHttpResponseCodec.decode(W3CHttpResponseCodec.java:142)
	at org.openqa.selenium.remote.codec.w3c.W3CHttpResponseCodec.decode(W3CHttpResponseCodec.java:49)
	at org.openqa.selenium.remote.HttpCommandExecutor.execute(HttpCommandExecutor.java:223)
	at org.openqa.selenium.remote.service.DriverCommandExecutor.invokeExecute(DriverCommandExecutor.java:216)
	at org.openqa.selenium.remote.service.DriverCommandExecutor.execute(DriverCommandExecutor.java:174)
	at org.openqa.selenium.remote.RemoteWebDriver.execute(RemoteWebDriver.java:606)
	at org.openqa.selenium.remote.ElementLocation$ElementFinder$2.findElement(ElementLocation.java:166)
	at org.openqa.selenium.remote.ElementLocation.findElement(ElementLocation.java:60)
	at org.openqa.selenium.remote.RemoteWebDriver.findElement(RemoteWebDriver.java:429)
	at org.openqa.selenium.remote.RemoteWebDriver.findElement(RemoteWebDriver.java:423)
	at com.juaracoding.kelompok1.pages.DownloadAbsen.enterSearchUnit(DownloadAbsen.java:121)
	at com.juaracoding.kelompok1.DownloadAbsenTest.enters_unit_in_the_unit_input_field(DownloadAbsenTest.java:46)
	at ✽.enters unit "Axiata Digital Labs" in the unit input field(file:///D:/Juara%20Coding/tugas-kelompok1/src/main/resources/features/DownloadAbsen.feature:19)
]]></failure>
    <system-out><![CDATA[
@SIT @DownloadAbsen
&amp#27;[1mScenario:&amp#27;[22m Download laporan absen berdasarkan tanggal, nik, name, upliner, divisi, dan unit                       &amp#27;[90m# src/main/resources/features/DownloadAbsen.feature:13&amp#27;[39m
  &amp#27;[32m✔&amp#27;[39m &amp#27;[32m&amp#27;[1mGiven &amp#27;[22mthe user is on the login page&amp#27;[39m                                                                          &amp#27;[90m# com.juaracoding.kelompok1.LoginTest.the_user_is_on_the_login_page()&amp#27;[39m
  &amp#27;[32m✔&amp#27;[39m &amp#27;[32m&amp#27;[1mWhen &amp#27;[22mthe user enters valid email and password&amp#27;[39m                                                                &amp#27;[90m# com.juaracoding.kelompok1.LoginTest.the_user_enters_valid_email_and_password()&amp#27;[39m
  &amp#27;[32m✔&amp#27;[39m &amp#27;[32m&amp#27;[1mAnd &amp#27;[22mclicks the login button&amp#27;[39m                                                                                  &amp#27;[90m# com.juaracoding.kelompok1.LoginTest.clicks_the_login_button()&amp#27;[39m
  &amp#27;[32m✔&amp#27;[39m &amp#27;[32m&amp#27;[1mThen &amp#27;[22mthe user should be redirected to the dashboard page&amp#27;[39m                                                     &amp#27;[90m# com.juaracoding.kelompok1.LoginTest.the_user_should_be_redirected_to_the_dashboard_page()&amp#27;[39m
  &amp#27;[32m✔&amp#27;[39m &amp#27;[32m&amp#27;[1mAnd &amp#27;[22mthe page header should display Logo Hadir&amp#27;[39m                                                                &amp#27;[90m# com.juaracoding.kelompok1.LoginTest.the_page_header_should_display_Logo_Hadir()&amp#27;[39m
  &amp#27;[32m✔&amp#27;[39m &amp#27;[32m&amp#27;[1mAnd &amp#27;[22mthe user navigates to the Laporan menu&amp#27;[39m                                                                   &amp#27;[90m# com.juaracoding.kelompok1.LaporanCutiTest.the_user_navigates_to_the_laporan_menu()&amp#27;[39m
  &amp#27;[32m✔&amp#27;[39m &amp#27;[32m&amp#27;[1mThen &amp#27;[22mthe user selects the Download Absen submenu&amp#27;[39m                                                             &amp#27;[90m# com.juaracoding.kelompok1.DownloadAbsenTest.the_user_selects_the_download_absen_submenu()&amp#27;[39m
  &amp#27;[32m✔&amp#27;[39m &amp#27;[32m&amp#27;[1mWhen &amp#27;[22muser pilih tanggal dari &amp#27;[1m"1"&amp#27;[22m sampai &amp#27;[1m"28"&amp#27;[22m&amp#27;[39m                                                                 &amp#27;[90m# com.juaracoding.kelompok1.DownloadAbsenTest.user_pilih_tanggal(java.lang.String,java.lang.String)&amp#27;[39m
  &amp#27;[32m✔&amp#27;[39m &amp#27;[32m&amp#27;[1mAnd &amp#27;[22menters nik &amp#27;[1m"D6230554"&amp#27;[22m in the nik input field&amp#27;[39m                                                             &amp#27;[90m# com.juaracoding.kelompok1.DownloadAbsenTest.enters_nik_in_the_nik_input_field(java.lang.String)&amp#27;[39m
  &amp#27;[32m✔&amp#27;[39m &amp#27;[32m&amp#27;[1mAnd &amp#27;[22menters name &amp#27;[1m"!ikan toman"&amp#27;[22m in the name input field&amp#27;[39m                                                        &amp#27;[90m# com.juaracoding.kelompok1.DownloadAbsenTest.enters_name_in_the_name_input_field(java.lang.String)&amp#27;[39m
  &amp#27;[32m✔&amp#27;[39m &amp#27;[32m&amp#27;[1mAnd &amp#27;[22menters upliner &amp#27;[1m"!ikan Salmon"&amp#27;[22m in the upliner input field&amp#27;[39m                                                 &amp#27;[90m# com.juaracoding.kelompok1.DownloadAbsenTest.enters_upliner_in_the_upliner_input_field(java.lang.String)&amp#27;[39m
  &amp#27;[32m✔&amp#27;[39m &amp#27;[32m&amp#27;[1mAnd &amp#27;[22menters divisi &amp#27;[1m"!TestEditBerhasil"&amp#27;[22m in the divisi input field&amp#27;[39m                                              &amp#27;[90m# com.juaracoding.kelompok1.DownloadAbsenTest.enters_divisi_in_the_divisi_input_field(java.lang.String)&amp#27;[39m
  &amp#27;[31m✘&amp#27;[39m &amp#27;[31m&amp#27;[1mAnd &amp#27;[22menters unit &amp#27;[1m"Axiata Digital Labs"&amp#27;[22m in the unit input field&amp#27;[39m                                                &amp#27;[90m# com.juaracoding.kelompok1.DownloadAbsenTest.enters_unit_in_the_unit_input_field(java.lang.String)&amp#27;[39m
        &amp#27;[31morg.openqa.selenium.NoSuchSessionException: invalid session id: session deleted as the browser has closed the connection&amp#27;[39m
        &amp#27;[31mfrom disconnected: unable to send message to renderer&amp#27;[39m
        &amp#27;[31m  (Session info: chrome=147.0.7727.102)&amp#27;[39m
        &amp#27;[31mBuild info: version: '4.43.0', revision: 'dd0f534'&amp#27;[39m
        &amp#27;[31mSystem info: os.name: 'Windows 10', os.arch: 'amd64', os.version: '10.0', java.version: '25.0.2'&amp#27;[39m
        &amp#27;[31mDriver info: org.openqa.selenium.chrome.ChromeDriver&amp#27;[39m
        &amp#27;[31mCommand: [0f6f8fd94552e4792d17eb366a713927, findElement {value=//li[@role='option' and contains(., 'Axiata Digital Labs')], using=xpath}]&amp#27;[39m
        &amp#27;[31mCapabilities {acceptInsecureCerts: false, browserName: chrome, browserVersion: 147.0.7727.102, chrome: {chromedriverVersion: 147.0.7727.117 (474cc805edd..., userDataDir: C:\Users\62819\AppData\Loca...}, fedcm:accounts: true, goog:chromeOptions: {debuggerAddress: localhost:55044}, goog:processID: 17680, networkConnectionEnabled: false, pageLoadStrategy: normal, platformName: windows, proxy: Proxy(), se:cdp: ws://localhost:55044/devtoo..., se:cdpVersion: 147.0.7727.102, setWindowRect: true, strictFileInteractability: false, timeouts: {implicit: 0, pageLoad: 300000, script: 30000}, unhandledPromptBehavior: dismiss and notify, webauthn:extension:credBlob: true, webauthn:extension:largeBlob: true, webauthn:extension:minPinLength: true, webauthn:extension:prf: true, webauthn:virtualAuthenticators: true}&amp#27;[39m
        &amp#27;[31mSession ID: 0f6f8fd94552e4792d17eb366a713927&amp#27;[39m
        &amp#27;[31m	at org.openqa.selenium.remote.ErrorCodec.decode(ErrorCodec.java:169)&amp#27;[39m
        &amp#27;[31m	at org.openqa.selenium.remote.codec.w3c.W3CHttpResponseCodec.decode(W3CHttpResponseCodec.java:142)&amp#27;[39m
        &amp#27;[31m	at org.openqa.selenium.remote.codec.w3c.W3CHttpResponseCodec.decode(W3CHttpResponseCodec.java:49)&amp#27;[39m
        &amp#27;[31m	at org.openqa.selenium.remote.HttpCommandExecutor.execute(HttpCommandExecutor.java:223)&amp#27;[39m
        &amp#27;[31m	at org.openqa.selenium.remote.service.DriverCommandExecutor.invokeExecute(DriverCommandExecutor.java:216)&amp#27;[39m
        &amp#27;[31m	at org.openqa.selenium.remote.service.DriverCommandExecutor.execute(DriverCommandExecutor.java:174)&amp#27;[39m
        &amp#27;[31m	at org.openqa.selenium.remote.RemoteWebDriver.execute(RemoteWebDriver.java:606)&amp#27;[39m
        &amp#27;[31m	at org.openqa.selenium.remote.ElementLocation$ElementFinder$2.findElement(ElementLocation.java:166)&amp#27;[39m
        &amp#27;[31m	at org.openqa.selenium.remote.ElementLocation.findElement(ElementLocation.java:60)&amp#27;[39m
        &amp#27;[31m	at org.openqa.selenium.remote.RemoteWebDriver.findElement(RemoteWebDriver.java:429)&amp#27;[39m
        &amp#27;[31m	at org.openqa.selenium.remote.RemoteWebDriver.findElement(RemoteWebDriver.java:423)&amp#27;[39m
        &amp#27;[31m	at com.juaracoding.kelompok1.pages.DownloadAbsen.enterSearchUnit(DownloadAbsen.java:121)&amp#27;[39m
        &amp#27;[31m	at com.juaracoding.kelompok1.DownloadAbsenTest.enters_unit_in_the_unit_input_field(DownloadAbsenTest.java:46)&amp#27;[39m
        &amp#27;[31m	at ✽.enters unit "Axiata Digital Labs" in the unit input field(file:///D:/Juara%20Coding/tugas-kelompok1/src/main/resources/features/DownloadAbsen.feature:19)&amp#27;[39m
  &amp#27;[36m↷&amp#27;[39m &amp#27;[36m&amp#27;[1mAnd &amp#27;[22muser klik tombol download&amp#27;[39m                                                                                &amp#27;[90m# com.juaracoding.kelompok1.DownloadAbsenTest.user_klik_tombol_download()&amp#27;[39m
  &amp#27;[36m↷&amp#27;[39m &amp#27;[36m&amp#27;[1mThen &amp#27;[22mthe user should see an alert message &amp#27;[1m"Berhasil generate report"&amp#27;[22m&amp#27;[39m                                         &amp#27;[90m# com.juaracoding.kelompok1.LaporanLemburTest.the_user_should_see_an_alert_message(java.lang.String)&amp#27;[39m
  &amp#27;[36m↷&amp#27;[39m &amp#27;[36m&amp#27;[1mThen &amp#27;[22mvalidasi file excel harus mengandung data spesifik &amp#27;[1m"D6230554"&amp#27;[22m, &amp#27;[1m"!IKAN TOMAN"&amp#27;[22m, dan &amp#27;[1m"AXIATA DIGITAL LABS"&amp#27;[22m&amp#27;[39m &amp#27;[90m# com.juaracoding.kelompok1.DownloadAbsenTest.validasi_file_excel_spesifik(java.lang.String,java.lang.String,java.lang.String)&amp#27;[39m
        &amp#27;[31morg.openqa.selenium.NoSuchSessionException: invalid session id&amp#27;[39m
        &amp#27;[31mBuild info: version: '4.43.0', revision: 'dd0f534'&amp#27;[39m
        &amp#27;[31mSystem info: os.name: 'Windows 10', os.arch: 'amd64', os.version: '10.0', java.version: '25.0.2'&amp#27;[39m
        &amp#27;[31mDriver info: org.openqa.selenium.chrome.ChromeDriver&amp#27;[39m
        &amp#27;[31mCommand: [0f6f8fd94552e4792d17eb366a713927, screenshot {}]&amp#27;[39m
        &amp#27;[31mCapabilities {acceptInsecureCerts: false, browserName: chrome, browserVersion: 147.0.7727.102, chrome: {chromedriverVersion: 147.0.7727.117 (474cc805edd..., userDataDir: C:\Users\62819\AppData\Loca...}, fedcm:accounts: true, goog:chromeOptions: {debuggerAddress: localhost:55044}, goog:processID: 17680, networkConnectionEnabled: false, pageLoadStrategy: normal, platformName: windows, proxy: Proxy(), se:cdp: ws://localhost:55044/devtoo..., se:cdpVersion: 147.0.7727.102, setWindowRect: true, strictFileInteractability: false, timeouts: {implicit: 0, pageLoad: 300000, script: 30000}, unhandledPromptBehavior: dismiss and notify, webauthn:extension:credBlob: true, webauthn:extension:largeBlob: true, webauthn:extension:minPinLength: true, webauthn:extension:prf: true, webauthn:virtualAuthenticators: true}&amp#27;[39m
        &amp#27;[31mSession ID: 0f6f8fd94552e4792d17eb366a713927&amp#27;[39m
        &amp#27;[31m	at org.openqa.selenium.remote.ErrorCodec.decode(ErrorCodec.java:169)&amp#27;[39m
        &amp#27;[31m	at org.openqa.selenium.remote.codec.w3c.W3CHttpResponseCodec.decode(W3CHttpResponseCodec.java:142)&amp#27;[39m
        &amp#27;[31m	at org.openqa.selenium.remote.codec.w3c.W3CHttpResponseCodec.decode(W3CHttpResponseCodec.java:49)&amp#27;[39m
        &amp#27;[31m	at org.openqa.selenium.remote.HttpCommandExecutor.execute(HttpCommandExecutor.java:223)&amp#27;[39m
        &amp#27;[31m	at org.openqa.selenium.remote.service.DriverCommandExecutor.invokeExecute(DriverCommandExecutor.java:216)&amp#27;[39m
        &amp#27;[31m	at org.openqa.selenium.remote.service.DriverCommandExecutor.execute(DriverCommandExecutor.java:174)&amp#27;[39m
        &amp#27;[31m	at org.openqa.selenium.remote.RemoteWebDriver.execute(RemoteWebDriver.java:606)&amp#27;[39m
        &amp#27;[31m	at org.openqa.selenium.remote.RemoteWebDriver.execute(RemoteWebDriver.java:688)&amp#27;[39m
        &amp#27;[31m	at org.openqa.selenium.remote.RemoteWebDriver.execute(RemoteWebDriver.java:692)&amp#27;[39m
        &amp#27;[31m	at org.openqa.selenium.remote.RemoteWebDriver.getScreenshotAs(RemoteWebDriver.java:395)&amp#27;[39m
        &amp#27;[31m	at com.juaracoding.kelompok1.utils.Hooks.tearDown(Hooks.java:47)&amp#27;[39m
]]></system-out>
    <system-err><![CDATA[SLF4J(W): No SLF4J providers were found.
SLF4J(W): Defaulting to no-operation (NOP) logger implementation
SLF4J(W): See https://www.slf4j.org/codes.html#noProviders for further details.
Apr 29, 2026 6:10:53 PM org.openqa.selenium.devtools.CdpVersionFinder findNearestMatch
WARNING: Unable to find an exact match for CDP version 147, returning the closest version; found: 145; Please update to a Selenium version that supports CDP version 147
]]></system-err>
  </testcase>
  <testcase name="runScenario[&quot;Download laporan tapi datanya memang kosong di database&quot;, &quot;Download Absen Functionality&quot;](2)" classname="com.juaracoding.kelompok1.TestRunner" time="0.024">
    <failure message="invalid session id&#10;Build info: version: &apos;4.43.0&apos;, revision: &apos;dd0f534&apos;&#10;System info: os.name: &apos;Windows 10&apos;, os.arch: &apos;amd64&apos;, os.version: &apos;10.0&apos;, java.version: &apos;25.0.2&apos;&#10;Driver info: org.openqa.selenium.chrome.ChromeDriver&#10;Command: [0f6f8fd94552e4792d17eb366a713927, get {url=https://magang.dikahadir.com/authentication/login}]&#10;Capabilities {acceptInsecureCerts: false, browserName: chrome, browserVersion: 147.0.7727.102, chrome: {chromedriverVersion: 147.0.7727.117 (474cc805edd..., userDataDir: C:\Users\62819\AppData\Loca...}, fedcm:accounts: true, goog:chromeOptions: {debuggerAddress: localhost:55044}, goog:processID: 17680, networkConnectionEnabled: false, pageLoadStrategy: normal, platformName: windows, proxy: Proxy(), se:cdp: ws://localhost:55044/devtoo..., se:cdpVersion: 147.0.7727.102, setWindowRect: true, strictFileInteractability: false, timeouts: {implicit: 0, pageLoad: 300000, script: 30000}, unhandledPromptBehavior: dismiss and notify, webauthn:extension:credBlob: true, webauthn:extension:largeBlob: true, webauthn:extension:minPinLength: true, webauthn:extension:prf: true, webauthn:virtualAuthenticators: true}&#10;Session ID: 0f6f8fd94552e4792d17eb366a713927" type="org.openqa.selenium.NoSuchSessionException"><![CDATA[org.openqa.selenium.NoSuchSessionException: 
invalid session id
Build info: version: '4.43.0', revision: 'dd0f534'
System info: os.name: 'Windows 10', os.arch: 'amd64', os.version: '10.0', java.version: '25.0.2'
Driver info: org.openqa.selenium.chrome.ChromeDriver
Command: [0f6f8fd94552e4792d17eb366a713927, get {url=https://magang.dikahadir.com/authentication/login}]
Capabilities {acceptInsecureCerts: false, browserName: chrome, browserVersion: 147.0.7727.102, chrome: {chromedriverVersion: 147.0.7727.117 (474cc805edd..., userDataDir: C:\Users\62819\AppData\Loca...}, fedcm:accounts: true, goog:chromeOptions: {debuggerAddress: localhost:55044}, goog:processID: 17680, networkConnectionEnabled: false, pageLoadStrategy: normal, platformName: windows, proxy: Proxy(), se:cdp: ws://localhost:55044/devtoo..., se:cdpVersion: 147.0.7727.102, setWindowRect: true, strictFileInteractability: false, timeouts: {implicit: 0, pageLoad: 300000, script: 30000}, unhandledPromptBehavior: dismiss and notify, webauthn:extension:credBlob: true, webauthn:extension:largeBlob: true, webauthn:extension:minPinLength: true, webauthn:extension:prf: true, webauthn:virtualAuthenticators: true}
Session ID: 0f6f8fd94552e4792d17eb366a713927
	at org.openqa.selenium.remote.ErrorCodec.decode(ErrorCodec.java:169)
	at org.openqa.selenium.remote.codec.w3c.W3CHttpResponseCodec.decode(W3CHttpResponseCodec.java:142)
	at org.openqa.selenium.remote.codec.w3c.W3CHttpResponseCodec.decode(W3CHttpResponseCodec.java:49)
	at org.openqa.selenium.remote.HttpCommandExecutor.execute(HttpCommandExecutor.java:223)
	at org.openqa.selenium.remote.service.DriverCommandExecutor.invokeExecute(DriverCommandExecutor.java:216)
	at org.openqa.selenium.remote.service.DriverCommandExecutor.execute(DriverCommandExecutor.java:174)
	at org.openqa.selenium.remote.RemoteWebDriver.execute(RemoteWebDriver.java:606)
	at org.openqa.selenium.remote.RemoteWebDriver.get(RemoteWebDriver.java:374)
	at com.juaracoding.kelompok1.LoginTest.the_user_is_on_the_login_page(LoginTest.java:24)
	at ✽.the user is on the login page(file:///D:/Juara%20Coding/tugas-kelompok1/src/main/resources/features/DownloadAbsen.feature:5)
]]></failure>
    <system-out><![CDATA[
@SIT @DownloadAbsen
&amp#27;[1mScenario:&amp#27;[22m Download laporan tapi datanya memang kosong di database        &amp#27;[90m# src/main/resources/features/DownloadAbsen.feature:24&amp#27;[39m
  &amp#27;[31m✘&amp#27;[39m &amp#27;[31m&amp#27;[1mGiven &amp#27;[22mthe user is on the login page&amp#27;[39m                                  &amp#27;[90m# com.juaracoding.kelompok1.LoginTest.the_user_is_on_the_login_page()&amp#27;[39m
        &amp#27;[31morg.openqa.selenium.NoSuchSessionException: invalid session id&amp#27;[39m
        &amp#27;[31mBuild info: version: '4.43.0', revision: 'dd0f534'&amp#27;[39m
        &amp#27;[31mSystem info: os.name: 'Windows 10', os.arch: 'amd64', os.version: '10.0', java.version: '25.0.2'&amp#27;[39m
        &amp#27;[31mDriver info: org.openqa.selenium.chrome.ChromeDriver&amp#27;[39m
        &amp#27;[31mCommand: [0f6f8fd94552e4792d17eb366a713927, get {url=https://magang.dikahadir.com/authentication/login}]&amp#27;[39m
        &amp#27;[31mCapabilities {acceptInsecureCerts: false, browserName: chrome, browserVersion: 147.0.7727.102, chrome: {chromedriverVersion: 147.0.7727.117 (474cc805edd..., userDataDir: C:\Users\62819\AppData\Loca...}, fedcm:accounts: true, goog:chromeOptions: {debuggerAddress: localhost:55044}, goog:processID: 17680, networkConnectionEnabled: false, pageLoadStrategy: normal, platformName: windows, proxy: Proxy(), se:cdp: ws://localhost:55044/devtoo..., se:cdpVersion: 147.0.7727.102, setWindowRect: true, strictFileInteractability: false, timeouts: {implicit: 0, pageLoad: 300000, script: 30000}, unhandledPromptBehavior: dismiss and notify, webauthn:extension:credBlob: true, webauthn:extension:largeBlob: true, webauthn:extension:minPinLength: true, webauthn:extension:prf: true, webauthn:virtualAuthenticators: true}&amp#27;[39m
        &amp#27;[31mSession ID: 0f6f8fd94552e4792d17eb366a713927&amp#27;[39m
        &amp#27;[31m	at org.openqa.selenium.remote.ErrorCodec.decode(ErrorCodec.java:169)&amp#27;[39m
        &amp#27;[31m	at org.openqa.selenium.remote.codec.w3c.W3CHttpResponseCodec.decode(W3CHttpResponseCodec.java:142)&amp#27;[39m
        &amp#27;[31m	at org.openqa.selenium.remote.codec.w3c.W3CHttpResponseCodec.decode(W3CHttpResponseCodec.java:49)&amp#27;[39m
        &amp#27;[31m	at org.openqa.selenium.remote.HttpCommandExecutor.execute(HttpCommandExecutor.java:223)&amp#27;[39m
        &amp#27;[31m	at org.openqa.selenium.remote.service.DriverCommandExecutor.invokeExecute(DriverCommandExecutor.java:216)&amp#27;[39m
        &amp#27;[31m	at org.openqa.selenium.remote.service.DriverCommandExecutor.execute(DriverCommandExecutor.java:174)&amp#27;[39m
        &amp#27;[31m	at org.openqa.selenium.remote.RemoteWebDriver.execute(RemoteWebDriver.java:606)&amp#27;[39m
        &amp#27;[31m	at org.openqa.selenium.remote.RemoteWebDriver.get(RemoteWebDriver.java:374)&amp#27;[39m
        &amp#27;[31m	at com.juaracoding.kelompok1.LoginTest.the_user_is_on_the_login_page(LoginTest.java:24)&amp#27;[39m
        &amp#27;[31m	at ✽.the user is on the login page(file:///D:/Juara%20Coding/tugas-kelompok1/src/main/resources/features/DownloadAbsen.feature:5)&amp#27;[39m
  &amp#27;[36m↷&amp#27;[39m &amp#27;[36m&amp#27;[1mWhen &amp#27;[22mthe user enters valid email and password&amp#27;[39m                        &amp#27;[90m# com.juaracoding.kelompok1.LoginTest.the_user_enters_valid_email_and_password()&amp#27;[39m
  &amp#27;[36m↷&amp#27;[39m &amp#27;[36m&amp#27;[1mAnd &amp#27;[22mclicks the login button&amp#27;[39m                                          &amp#27;[90m# com.juaracoding.kelompok1.LoginTest.clicks_the_login_button()&amp#27;[39m
  &amp#27;[36m↷&amp#27;[39m &amp#27;[36m&amp#27;[1mThen &amp#27;[22mthe user should be redirected to the dashboard page&amp#27;[39m             &amp#27;[90m# com.juaracoding.kelompok1.LoginTest.the_user_should_be_redirected_to_the_dashboard_page()&amp#27;[39m
  &amp#27;[36m↷&amp#27;[39m &amp#27;[36m&amp#27;[1mAnd &amp#27;[22mthe page header should display Logo Hadir&amp#27;[39m                        &amp#27;[90m# com.juaracoding.kelompok1.LoginTest.the_page_header_should_display_Logo_Hadir()&amp#27;[39m
  &amp#27;[36m↷&amp#27;[39m &amp#27;[36m&amp#27;[1mAnd &amp#27;[22mthe user navigates to the Laporan menu&amp#27;[39m                           &amp#27;[90m# com.juaracoding.kelompok1.LaporanCutiTest.the_user_navigates_to_the_laporan_menu()&amp#27;[39m
  &amp#27;[36m↷&amp#27;[39m &amp#27;[36m&amp#27;[1mThen &amp#27;[22mthe user selects the Download Absen submenu&amp#27;[39m                     &amp#27;[90m# com.juaracoding.kelompok1.DownloadAbsenTest.the_user_selects_the_download_absen_submenu()&amp#27;[39m
  &amp#27;[36m↷&amp#27;[39m &amp#27;[36m&amp#27;[1mWhen &amp#27;[22muser pilih tanggal dari &amp#27;[1m"1"&amp#27;[22m sampai &amp#27;[1m"2"&amp#27;[22m&amp#27;[39m                          &amp#27;[90m# com.juaracoding.kelompok1.DownloadAbsenTest.user_pilih_tanggal(java.lang.String,java.lang.String)&amp#27;[39m
  &amp#27;[36m↷&amp#27;[39m &amp#27;[36m&amp#27;[1mAnd &amp#27;[22menters upliner &amp#27;[1m"!ikan toman"&amp#27;[22m in the upliner input field&amp#27;[39m          &amp#27;[90m# com.juaracoding.kelompok1.DownloadAbsenTest.enters_upliner_in_the_upliner_input_field(java.lang.String)&amp#27;[39m
  &amp#27;[36m↷&amp#27;[39m &amp#27;[36m&amp#27;[1mAnd &amp#27;[22menters unit &amp#27;[1m"Recruitment"&amp#27;[22m in the unit input field&amp#27;[39m                &amp#27;[90m# com.juaracoding.kelompok1.DownloadAbsenTest.enters_unit_in_the_unit_input_field(java.lang.String)&amp#27;[39m
  &amp#27;[36m↷&amp#27;[39m &amp#27;[36m&amp#27;[1mAnd &amp#27;[22muser klik tombol download&amp#27;[39m                                        &amp#27;[90m# com.juaracoding.kelompok1.DownloadAbsenTest.user_klik_tombol_download()&amp#27;[39m
  &amp#27;[36m↷&amp#27;[39m &amp#27;[36m&amp#27;[1mThen &amp#27;[22mthe user should see an alert message &amp#27;[1m"Berhasil generate report"&amp#27;[22m&amp#27;[39m &amp#27;[90m# com.juaracoding.kelompok1.LaporanLemburTest.the_user_should_see_an_alert_message(java.lang.String)&amp#27;[39m
  &amp#27;[36m↷&amp#27;[39m &amp#27;[36m&amp#27;[1mThen &amp#27;[22mfile excel tersebut harus kosong atau hanya header&amp#27;[39m              &amp#27;[90m# com.juaracoding.kelompok1.DownloadAbsenTest.verify_empty_excel()&amp#27;[39m
        &amp#27;[31morg.openqa.selenium.NoSuchSessionException: invalid session id&amp#27;[39m
        &amp#27;[31mBuild info: version: '4.43.0', revision: 'dd0f534'&amp#27;[39m
        &amp#27;[31mSystem info: os.name: 'Windows 10', os.arch: 'amd64', os.version: '10.0', java.version: '25.0.2'&amp#27;[39m
        &amp#27;[31mDriver info: org.openqa.selenium.chrome.ChromeDriver&amp#27;[39m
        &amp#27;[31mCommand: [0f6f8fd94552e4792d17eb366a713927, screenshot {}]&amp#27;[39m
        &amp#27;[31mCapabilities {acceptInsecureCerts: false, browserName: chrome, browserVersion: 147.0.7727.102, chrome: {chromedriverVersion: 147.0.7727.117 (474cc805edd..., userDataDir: C:\Users\62819\AppData\Loca...}, fedcm:accounts: true, goog:chromeOptions: {debuggerAddress: localhost:55044}, goog:processID: 17680, networkConnectionEnabled: false, pageLoadStrategy: normal, platformName: windows, proxy: Proxy(), se:cdp: ws://localhost:55044/devtoo..., se:cdpVersion: 147.0.7727.102, setWindowRect: true, strictFileInteractability: false, timeouts: {implicit: 0, pageLoad: 300000, script: 30000}, unhandledPromptBehavior: dismiss and notify, webauthn:extension:credBlob: true, webauthn:extension:largeBlob: true, webauthn:extension:minPinLength: true, webauthn:extension:prf: true, webauthn:virtualAuthenticators: true}&amp#27;[39m
        &amp#27;[31mSession ID: 0f6f8fd94552e4792d17eb366a713927&amp#27;[39m
        &amp#27;[31m	at org.openqa.selenium.remote.ErrorCodec.decode(ErrorCodec.java:169)&amp#27;[39m
        &amp#27;[31m	at org.openqa.selenium.remote.codec.w3c.W3CHttpResponseCodec.decode(W3CHttpResponseCodec.java:142)&amp#27;[39m
        &amp#27;[31m	at org.openqa.selenium.remote.codec.w3c.W3CHttpResponseCodec.decode(W3CHttpResponseCodec.java:49)&amp#27;[39m
        &amp#27;[31m	at org.openqa.selenium.remote.HttpCommandExecutor.execute(HttpCommandExecutor.java:223)&amp#27;[39m
        &amp#27;[31m	at org.openqa.selenium.remote.service.DriverCommandExecutor.invokeExecute(DriverCommandExecutor.java:216)&amp#27;[39m
        &amp#27;[31m	at org.openqa.selenium.remote.service.DriverCommandExecutor.execute(DriverCommandExecutor.java:174)&amp#27;[39m
        &amp#27;[31m	at org.openqa.selenium.remote.RemoteWebDriver.execute(RemoteWebDriver.java:606)&amp#27;[39m
        &amp#27;[31m	at org.openqa.selenium.remote.RemoteWebDriver.execute(RemoteWebDriver.java:688)&amp#27;[39m
        &amp#27;[31m	at org.openqa.selenium.remote.RemoteWebDriver.execute(RemoteWebDriver.java:692)&amp#27;[39m
        &amp#27;[31m	at org.openqa.selenium.remote.RemoteWebDriver.getScreenshotAs(RemoteWebDriver.java:395)&amp#27;[39m
        &amp#27;[31m	at com.juaracoding.kelompok1.utils.Hooks.tearDown(Hooks.java:47)&amp#27;[39m
]]></system-out>
  </testcase>
  <testcase name="runScenario[&quot;Download langsung laporan&quot;, &quot;Download Absen Functionality&quot;](3)" classname="com.juaracoding.kelompok1.TestRunner" time="0.054">
    <failure message="invalid session id&#10;Build info: version: &apos;4.43.0&apos;, revision: &apos;dd0f534&apos;&#10;System info: os.name: &apos;Windows 10&apos;, os.arch: &apos;amd64&apos;, os.version: &apos;10.0&apos;, java.version: &apos;25.0.2&apos;&#10;Driver info: org.openqa.selenium.chrome.ChromeDriver&#10;Command: [0f6f8fd94552e4792d17eb366a713927, get {url=https://magang.dikahadir.com/authentication/login}]&#10;Capabilities {acceptInsecureCerts: false, browserName: chrome, browserVersion: 147.0.7727.102, chrome: {chromedriverVersion: 147.0.7727.117 (474cc805edd..., userDataDir: C:\Users\62819\AppData\Loca...}, fedcm:accounts: true, goog:chromeOptions: {debuggerAddress: localhost:55044}, goog:processID: 17680, networkConnectionEnabled: false, pageLoadStrategy: normal, platformName: windows, proxy: Proxy(), se:cdp: ws://localhost:55044/devtoo..., se:cdpVersion: 147.0.7727.102, setWindowRect: true, strictFileInteractability: false, timeouts: {implicit: 0, pageLoad: 300000, script: 30000}, unhandledPromptBehavior: dismiss and notify, webauthn:extension:credBlob: true, webauthn:extension:largeBlob: true, webauthn:extension:minPinLength: true, webauthn:extension:prf: true, webauthn:virtualAuthenticators: true}&#10;Session ID: 0f6f8fd94552e4792d17eb366a713927" type="org.openqa.selenium.NoSuchSessionException"><![CDATA[org.openqa.selenium.NoSuchSessionException: 
invalid session id
Build info: version: '4.43.0', revision: 'dd0f534'
System info: os.name: 'Windows 10', os.arch: 'amd64', os.version: '10.0', java.version: '25.0.2'
Driver info: org.openqa.selenium.chrome.ChromeDriver
Command: [0f6f8fd94552e4792d17eb366a713927, get {url=https://magang.dikahadir.com/authentication/login}]
Capabilities {acceptInsecureCerts: false, browserName: chrome, browserVersion: 147.0.7727.102, chrome: {chromedriverVersion: 147.0.7727.117 (474cc805edd..., userDataDir: C:\Users\62819\AppData\Loca...}, fedcm:accounts: true, goog:chromeOptions: {debuggerAddress: localhost:55044}, goog:processID: 17680, networkConnectionEnabled: false, pageLoadStrategy: normal, platformName: windows, proxy: Proxy(), se:cdp: ws://localhost:55044/devtoo..., se:cdpVersion: 147.0.7727.102, setWindowRect: true, strictFileInteractability: false, timeouts: {implicit: 0, pageLoad: 300000, script: 30000}, unhandledPromptBehavior: dismiss and notify, webauthn:extension:credBlob: true, webauthn:extension:largeBlob: true, webauthn:extension:minPinLength: true, webauthn:extension:prf: true, webauthn:virtualAuthenticators: true}
Session ID: 0f6f8fd94552e4792d17eb366a713927
	at org.openqa.selenium.remote.ErrorCodec.decode(ErrorCodec.java:169)
	at org.openqa.selenium.remote.codec.w3c.W3CHttpResponseCodec.decode(W3CHttpResponseCodec.java:142)
	at org.openqa.selenium.remote.codec.w3c.W3CHttpResponseCodec.decode(W3CHttpResponseCodec.java:49)
	at org.openqa.selenium.remote.HttpCommandExecutor.execute(HttpCommandExecutor.java:223)
	at org.openqa.selenium.remote.service.DriverCommandExecutor.invokeExecute(DriverCommandExecutor.java:216)
	at org.openqa.selenium.remote.service.DriverCommandExecutor.execute(DriverCommandExecutor.java:174)
	at org.openqa.selenium.remote.RemoteWebDriver.execute(RemoteWebDriver.java:606)
	at org.openqa.selenium.remote.RemoteWebDriver.get(RemoteWebDriver.java:374)
	at com.juaracoding.kelompok1.LoginTest.the_user_is_on_the_login_page(LoginTest.java:24)
	at ✽.the user is on the login page(file:///D:/Juara%20Coding/tugas-kelompok1/src/main/resources/features/DownloadAbsen.feature:5)
]]></failure>
    <system-out><![CDATA[
@SIT @DownloadAbsen
&amp#27;[1mScenario:&amp#27;[22m Download langsung laporan                                                                              &amp#27;[90m# src/main/resources/features/DownloadAbsen.feature:32&amp#27;[39m
  &amp#27;[31m✘&amp#27;[39m &amp#27;[31m&amp#27;[1mGiven &amp#27;[22mthe user is on the login page&amp#27;[39m                                                                          &amp#27;[90m# com.juaracoding.kelompok1.LoginTest.the_user_is_on_the_login_page()&amp#27;[39m
        &amp#27;[31morg.openqa.selenium.NoSuchSessionException: invalid session id&amp#27;[39m
        &amp#27;[31mBuild info: version: '4.43.0', revision: 'dd0f534'&amp#27;[39m
        &amp#27;[31mSystem info: os.name: 'Windows 10', os.arch: 'amd64', os.version: '10.0', java.version: '25.0.2'&amp#27;[39m
        &amp#27;[31mDriver info: org.openqa.selenium.chrome.ChromeDriver&amp#27;[39m
        &amp#27;[31mCommand: [0f6f8fd94552e4792d17eb366a713927, get {url=https://magang.dikahadir.com/authentication/login}]&amp#27;[39m
        &amp#27;[31mCapabilities {acceptInsecureCerts: false, browserName: chrome, browserVersion: 147.0.7727.102, chrome: {chromedriverVersion: 147.0.7727.117 (474cc805edd..., userDataDir: C:\Users\62819\AppData\Loca...}, fedcm:accounts: true, goog:chromeOptions: {debuggerAddress: localhost:55044}, goog:processID: 17680, networkConnectionEnabled: false, pageLoadStrategy: normal, platformName: windows, proxy: Proxy(), se:cdp: ws://localhost:55044/devtoo..., se:cdpVersion: 147.0.7727.102, setWindowRect: true, strictFileInteractability: false, timeouts: {implicit: 0, pageLoad: 300000, script: 30000}, unhandledPromptBehavior: dismiss and notify, webauthn:extension:credBlob: true, webauthn:extension:largeBlob: true, webauthn:extension:minPinLength: true, webauthn:extension:prf: true, webauthn:virtualAuthenticators: true}&amp#27;[39m
        &amp#27;[31mSession ID: 0f6f8fd94552e4792d17eb366a713927&amp#27;[39m
        &amp#27;[31m	at org.openqa.selenium.remote.ErrorCodec.decode(ErrorCodec.java:169)&amp#27;[39m
        &amp#27;[31m	at org.openqa.selenium.remote.codec.w3c.W3CHttpResponseCodec.decode(W3CHttpResponseCodec.java:142)&amp#27;[39m
        &amp#27;[31m	at org.openqa.selenium.remote.codec.w3c.W3CHttpResponseCodec.decode(W3CHttpResponseCodec.java:49)&amp#27;[39m
        &amp#27;[31m	at org.openqa.selenium.remote.HttpCommandExecutor.execute(HttpCommandExecutor.java:223)&amp#27;[39m
        &amp#27;[31m	at org.openqa.selenium.remote.service.DriverCommandExecutor.invokeExecute(DriverCommandExecutor.java:216)&amp#27;[39m
        &amp#27;[31m	at org.openqa.selenium.remote.service.DriverCommandExecutor.execute(DriverCommandExecutor.java:174)&amp#27;[39m
        &amp#27;[31m	at org.openqa.selenium.remote.RemoteWebDriver.execute(RemoteWebDriver.java:606)&amp#27;[39m
        &amp#27;[31m	at org.openqa.selenium.remote.RemoteWebDriver.get(RemoteWebDriver.java:374)&amp#27;[39m
        &amp#27;[31m	at com.juaracoding.kelompok1.LoginTest.the_user_is_on_the_login_page(LoginTest.java:24)&amp#27;[39m
        &amp#27;[31m	at ✽.the user is on the login page(file:///D:/Juara%20Coding/tugas-kelompok1/src/main/resources/features/DownloadAbsen.feature:5)&amp#27;[39m
  &amp#27;[36m↷&amp#27;[39m &amp#27;[36m&amp#27;[1mWhen &amp#27;[22mthe user enters valid email and password&amp#27;[39m                                                                &amp#27;[90m# com.juaracoding.kelompok1.LoginTest.the_user_enters_valid_email_and_password()&amp#27;[39m
  &amp#27;[36m↷&amp#27;[39m &amp#27;[36m&amp#27;[1mAnd &amp#27;[22mclicks the login button&amp#27;[39m                                                                                  &amp#27;[90m# com.juaracoding.kelompok1.LoginTest.clicks_the_login_button()&amp#27;[39m
  &amp#27;[36m↷&amp#27;[39m &amp#27;[36m&amp#27;[1mThen &amp#27;[22mthe user should be redirected to the dashboard page&amp#27;[39m                                                     &amp#27;[90m# com.juaracoding.kelompok1.LoginTest.the_user_should_be_redirected_to_the_dashboard_page()&amp#27;[39m
  &amp#27;[36m↷&amp#27;[39m &amp#27;[36m&amp#27;[1mAnd &amp#27;[22mthe page header should display Logo Hadir&amp#27;[39m                                                                &amp#27;[90m# com.juaracoding.kelompok1.LoginTest.the_page_header_should_display_Logo_Hadir()&amp#27;[39m
  &amp#27;[36m↷&amp#27;[39m &amp#27;[36m&amp#27;[1mAnd &amp#27;[22mthe user navigates to the Laporan menu&amp#27;[39m                                                                   &amp#27;[90m# com.juaracoding.kelompok1.LaporanCutiTest.the_user_navigates_to_the_laporan_menu()&amp#27;[39m
  &amp#27;[36m↷&amp#27;[39m &amp#27;[36m&amp#27;[1mThen &amp#27;[22mthe user selects the Download Absen submenu&amp#27;[39m                                                             &amp#27;[90m# com.juaracoding.kelompok1.DownloadAbsenTest.the_user_selects_the_download_absen_submenu()&amp#27;[39m
  &amp#27;[36m↷&amp#27;[39m &amp#27;[36m&amp#27;[1mAnd &amp#27;[22muser klik tombol download&amp#27;[39m                                                                                &amp#27;[90m# com.juaracoding.kelompok1.DownloadAbsenTest.user_klik_tombol_download()&amp#27;[39m
  &amp#27;[36m↷&amp#27;[39m &amp#27;[36m&amp#27;[1mThen &amp#27;[22mthe user should see an alert message &amp#27;[1m"Berhasil generate report"&amp#27;[22m&amp#27;[39m                                         &amp#27;[90m# com.juaracoding.kelompok1.LaporanLemburTest.the_user_should_see_an_alert_message(java.lang.String)&amp#27;[39m
  &amp#27;[36m↷&amp#27;[39m &amp#27;[36m&amp#27;[1mThen &amp#27;[22mvalidasi file excel harus mengandung data spesifik &amp#27;[1m"D6230554"&amp#27;[22m, &amp#27;[1m"!IKAN TOMAN"&amp#27;[22m, dan &amp#27;[1m"AXIATA DIGITAL LABS"&amp#27;[22m&amp#27;[39m &amp#27;[90m# com.juaracoding.kelompok1.DownloadAbsenTest.validasi_file_excel_spesifik(java.lang.String,java.lang.String,java.lang.String)&amp#27;[39m
        &amp#27;[31morg.openqa.selenium.NoSuchSessionException: invalid session id&amp#27;[39m
        &amp#27;[31mBuild info: version: '4.43.0', revision: 'dd0f534'&amp#27;[39m
        &amp#27;[31mSystem info: os.name: 'Windows 10', os.arch: 'amd64', os.version: '10.0', java.version: '25.0.2'&amp#27;[39m
        &amp#27;[31mDriver info: org.openqa.selenium.chrome.ChromeDriver&amp#27;[39m
        &amp#27;[31mCommand: [0f6f8fd94552e4792d17eb366a713927, screenshot {}]&amp#27;[39m
        &amp#27;[31mCapabilities {acceptInsecureCerts: false, browserName: chrome, browserVersion: 147.0.7727.102, chrome: {chromedriverVersion: 147.0.7727.117 (474cc805edd..., userDataDir: C:\Users\62819\AppData\Loca...}, fedcm:accounts: true, goog:chromeOptions: {debuggerAddress: localhost:55044}, goog:processID: 17680, networkConnectionEnabled: false, pageLoadStrategy: normal, platformName: windows, proxy: Proxy(), se:cdp: ws://localhost:55044/devtoo..., se:cdpVersion: 147.0.7727.102, setWindowRect: true, strictFileInteractability: false, timeouts: {implicit: 0, pageLoad: 300000, script: 30000}, unhandledPromptBehavior: dismiss and notify, webauthn:extension:credBlob: true, webauthn:extension:largeBlob: true, webauthn:extension:minPinLength: true, webauthn:extension:prf: true, webauthn:virtualAuthenticators: true}&amp#27;[39m
        &amp#27;[31mSession ID: 0f6f8fd94552e4792d17eb366a713927&amp#27;[39m
        &amp#27;[31m	at org.openqa.selenium.remote.ErrorCodec.decode(ErrorCodec.java:169)&amp#27;[39m
        &amp#27;[31m	at org.openqa.selenium.remote.codec.w3c.W3CHttpResponseCodec.decode(W3CHttpResponseCodec.java:142)&amp#27;[39m
        &amp#27;[31m	at org.openqa.selenium.remote.codec.w3c.W3CHttpResponseCodec.decode(W3CHttpResponseCodec.java:49)&amp#27;[39m
        &amp#27;[31m	at org.openqa.selenium.remote.HttpCommandExecutor.execute(HttpCommandExecutor.java:223)&amp#27;[39m
        &amp#27;[31m	at org.openqa.selenium.remote.service.DriverCommandExecutor.invokeExecute(DriverCommandExecutor.java:216)&amp#27;[39m
        &amp#27;[31m	at org.openqa.selenium.remote.service.DriverCommandExecutor.execute(DriverCommandExecutor.java:174)&amp#27;[39m
        &amp#27;[31m	at org.openqa.selenium.remote.RemoteWebDriver.execute(RemoteWebDriver.java:606)&amp#27;[39m
        &amp#27;[31m	at org.openqa.selenium.remote.RemoteWebDriver.execute(RemoteWebDriver.java:688)&amp#27;[39m
        &amp#27;[31m	at org.openqa.selenium.remote.RemoteWebDriver.execute(RemoteWebDriver.java:692)&amp#27;[39m
        &amp#27;[31m	at org.openqa.selenium.remote.RemoteWebDriver.getScreenshotAs(RemoteWebDriver.java:395)&amp#27;[39m
        &amp#27;[31m	at com.juaracoding.kelompok1.utils.Hooks.tearDown(Hooks.java:47)&amp#27;[39m
]]></system-out>
  </testcase>
  <testcase name="runScenario[&quot;Download laporan absen berdasarkan tanggal dan nik&quot;, &quot;Download Absen Functionality&quot;](4)" classname="com.juaracoding.kelompok1.TestRunner" time="0.14">
    <failure message="invalid session id&#10;Build info: version: &apos;4.43.0&apos;, revision: &apos;dd0f534&apos;&#10;System info: os.name: &apos;Windows 10&apos;, os.arch: &apos;amd64&apos;, os.version: &apos;10.0&apos;, java.version: &apos;25.0.2&apos;&#10;Driver info: org.openqa.selenium.chrome.ChromeDriver&#10;Command: [0f6f8fd94552e4792d17eb366a713927, get {url=https://magang.dikahadir.com/authentication/login}]&#10;Capabilities {acceptInsecureCerts: false, browserName: chrome, browserVersion: 147.0.7727.102, chrome: {chromedriverVersion: 147.0.7727.117 (474cc805edd..., userDataDir: C:\Users\62819\AppData\Loca...}, fedcm:accounts: true, goog:chromeOptions: {debuggerAddress: localhost:55044}, goog:processID: 17680, networkConnectionEnabled: false, pageLoadStrategy: normal, platformName: windows, proxy: Proxy(), se:cdp: ws://localhost:55044/devtoo..., se:cdpVersion: 147.0.7727.102, setWindowRect: true, strictFileInteractability: false, timeouts: {implicit: 0, pageLoad: 300000, script: 30000}, unhandledPromptBehavior: dismiss and notify, webauthn:extension:credBlob: true, webauthn:extension:largeBlob: true, webauthn:extension:minPinLength: true, webauthn:extension:prf: true, webauthn:virtualAuthenticators: true}&#10;Session ID: 0f6f8fd94552e4792d17eb366a713927" type="org.openqa.selenium.NoSuchSessionException"><![CDATA[org.openqa.selenium.NoSuchSessionException: 
invalid session id
Build info: version: '4.43.0', revision: 'dd0f534'
System info: os.name: 'Windows 10', os.arch: 'amd64', os.version: '10.0', java.version: '25.0.2'
Driver info: org.openqa.selenium.chrome.ChromeDriver
Command: [0f6f8fd94552e4792d17eb366a713927, get {url=https://magang.dikahadir.com/authentication/login}]
Capabilities {acceptInsecureCerts: false, browserName: chrome, browserVersion: 147.0.7727.102, chrome: {chromedriverVersion: 147.0.7727.117 (474cc805edd..., userDataDir: C:\Users\62819\AppData\Loca...}, fedcm:accounts: true, goog:chromeOptions: {debuggerAddress: localhost:55044}, goog:processID: 17680, networkConnectionEnabled: false, pageLoadStrategy: normal, platformName: windows, proxy: Proxy(), se:cdp: ws://localhost:55044/devtoo..., se:cdpVersion: 147.0.7727.102, setWindowRect: true, strictFileInteractability: false, timeouts: {implicit: 0, pageLoad: 300000, script: 30000}, unhandledPromptBehavior: dismiss and notify, webauthn:extension:credBlob: true, webauthn:extension:largeBlob: true, webauthn:extension:minPinLength: true, webauthn:extension:prf: true, webauthn:virtualAuthenticators: true}
Session ID: 0f6f8fd94552e4792d17eb366a713927
	at org.openqa.selenium.remote.ErrorCodec.decode(ErrorCodec.java:169)
	at org.openqa.selenium.remote.codec.w3c.W3CHttpResponseCodec.decode(W3CHttpResponseCodec.java:142)
	at org.openqa.selenium.remote.codec.w3c.W3CHttpResponseCodec.decode(W3CHttpResponseCodec.java:49)
	at org.openqa.selenium.remote.HttpCommandExecutor.execute(HttpCommandExecutor.java:223)
	at org.openqa.selenium.remote.service.DriverCommandExecutor.invokeExecute(DriverCommandExecutor.java:216)
	at org.openqa.selenium.remote.service.DriverCommandExecutor.execute(DriverCommandExecutor.java:174)
	at org.openqa.selenium.remote.RemoteWebDriver.execute(RemoteWebDriver.java:606)
	at org.openqa.selenium.remote.RemoteWebDriver.get(RemoteWebDriver.java:374)
	at com.juaracoding.kelompok1.LoginTest.the_user_is_on_the_login_page(LoginTest.java:24)
	at ✽.the user is on the login page(file:///D:/Juara%20Coding/tugas-kelompok1/src/main/resources/features/DownloadAbsen.feature:5)
]]></failure>
    <system-out><![CDATA[
@SIT @DownloadAbsen
&amp#27;[1mScenario:&amp#27;[22m Download laporan absen berdasarkan tanggal dan nik                                                     &amp#27;[90m# src/main/resources/features/DownloadAbsen.feature:37&amp#27;[39m
  &amp#27;[31m✘&amp#27;[39m &amp#27;[31m&amp#27;[1mGiven &amp#27;[22mthe user is on the login page&amp#27;[39m                                                                          &amp#27;[90m# com.juaracoding.kelompok1.LoginTest.the_user_is_on_the_login_page()&amp#27;[39m
        &amp#27;[31morg.openqa.selenium.NoSuchSessionException: invalid session id&amp#27;[39m
        &amp#27;[31mBuild info: version: '4.43.0', revision: 'dd0f534'&amp#27;[39m
        &amp#27;[31mSystem info: os.name: 'Windows 10', os.arch: 'amd64', os.version: '10.0', java.version: '25.0.2'&amp#27;[39m
        &amp#27;[31mDriver info: org.openqa.selenium.chrome.ChromeDriver&amp#27;[39m
        &amp#27;[31mCommand: [0f6f8fd94552e4792d17eb366a713927, get {url=https://magang.dikahadir.com/authentication/login}]&amp#27;[39m
        &amp#27;[31mCapabilities {acceptInsecureCerts: false, browserName: chrome, browserVersion: 147.0.7727.102, chrome: {chromedriverVersion: 147.0.7727.117 (474cc805edd..., userDataDir: C:\Users\62819\AppData\Loca...}, fedcm:accounts: true, goog:chromeOptions: {debuggerAddress: localhost:55044}, goog:processID: 17680, networkConnectionEnabled: false, pageLoadStrategy: normal, platformName: windows, proxy: Proxy(), se:cdp: ws://localhost:55044/devtoo..., se:cdpVersion: 147.0.7727.102, setWindowRect: true, strictFileInteractability: false, timeouts: {implicit: 0, pageLoad: 300000, script: 30000}, unhandledPromptBehavior: dismiss and notify, webauthn:extension:credBlob: true, webauthn:extension:largeBlob: true, webauthn:extension:minPinLength: true, webauthn:extension:prf: true, webauthn:virtualAuthenticators: true}&amp#27;[39m
        &amp#27;[31mSession ID: 0f6f8fd94552e4792d17eb366a713927&amp#27;[39m
        &amp#27;[31m	at org.openqa.selenium.remote.ErrorCodec.decode(ErrorCodec.java:169)&amp#27;[39m
        &amp#27;[31m	at org.openqa.selenium.remote.codec.w3c.W3CHttpResponseCodec.decode(W3CHttpResponseCodec.java:142)&amp#27;[39m
        &amp#27;[31m	at org.openqa.selenium.remote.codec.w3c.W3CHttpResponseCodec.decode(W3CHttpResponseCodec.java:49)&amp#27;[39m
        &amp#27;[31m	at org.openqa.selenium.remote.HttpCommandExecutor.execute(HttpCommandExecutor.java:223)&amp#27;[39m
        &amp#27;[31m	at org.openqa.selenium.remote.service.DriverCommandExecutor.invokeExecute(DriverCommandExecutor.java:216)&amp#27;[39m
        &amp#27;[31m	at org.openqa.selenium.remote.service.DriverCommandExecutor.execute(DriverCommandExecutor.java:174)&amp#27;[39m
        &amp#27;[31m	at org.openqa.selenium.remote.RemoteWebDriver.execute(RemoteWebDriver.java:606)&amp#27;[39m
        &amp#27;[31m	at org.openqa.selenium.remote.RemoteWebDriver.get(RemoteWebDriver.java:374)&amp#27;[39m
        &amp#27;[31m	at com.juaracoding.kelompok1.LoginTest.the_user_is_on_the_login_page(LoginTest.java:24)&amp#27;[39m
        &amp#27;[31m	at ✽.the user is on the login page(file:///D:/Juara%20Coding/tugas-kelompok1/src/main/resources/features/DownloadAbsen.feature:5)&amp#27;[39m
  &amp#27;[36m↷&amp#27;[39m &amp#27;[36m&amp#27;[1mWhen &amp#27;[22mthe user enters valid email and password&amp#27;[39m                                                                &amp#27;[90m# com.juaracoding.kelompok1.LoginTest.the_user_enters_valid_email_and_password()&amp#27;[39m
  &amp#27;[36m↷&amp#27;[39m &amp#27;[36m&amp#27;[1mAnd &amp#27;[22mclicks the login button&amp#27;[39m                                                                                  &amp#27;[90m# com.juaracoding.kelompok1.LoginTest.clicks_the_login_button()&amp#27;[39m
  &amp#27;[36m↷&amp#27;[39m &amp#27;[36m&amp#27;[1mThen &amp#27;[22mthe user should be redirected to the dashboard page&amp#27;[39m                                                     &amp#27;[90m# com.juaracoding.kelompok1.LoginTest.the_user_should_be_redirected_to_the_dashboard_page()&amp#27;[39m
  &amp#27;[36m↷&amp#27;[39m &amp#27;[36m&amp#27;[1mAnd &amp#27;[22mthe page header should display Logo Hadir&amp#27;[39m                                                                &amp#27;[90m# com.juaracoding.kelompok1.LoginTest.the_page_header_should_display_Logo_Hadir()&amp#27;[39m
  &amp#27;[36m↷&amp#27;[39m &amp#27;[36m&amp#27;[1mAnd &amp#27;[22mthe user navigates to the Laporan menu&amp#27;[39m                                                                   &amp#27;[90m# com.juaracoding.kelompok1.LaporanCutiTest.the_user_navigates_to_the_laporan_menu()&amp#27;[39m
  &amp#27;[36m↷&amp#27;[39m &amp#27;[36m&amp#27;[1mThen &amp#27;[22mthe user selects the Download Absen submenu&amp#27;[39m                                                             &amp#27;[90m# com.juaracoding.kelompok1.DownloadAbsenTest.the_user_selects_the_download_absen_submenu()&amp#27;[39m
  &amp#27;[36m↷&amp#27;[39m &amp#27;[36m&amp#27;[1mWhen &amp#27;[22muser pilih tanggal dari &amp#27;[1m"1"&amp#27;[22m sampai &amp#27;[1m"28"&amp#27;[22m&amp#27;[39m                                                                 &amp#27;[90m# com.juaracoding.kelompok1.DownloadAbsenTest.user_pilih_tanggal(java.lang.String,java.lang.String)&amp#27;[39m
  &amp#27;[36m↷&amp#27;[39m &amp#27;[36m&amp#27;[1mAnd &amp#27;[22menters nik &amp#27;[1m"D6230554"&amp#27;[22m in the nik input field&amp#27;[39m                                                             &amp#27;[90m# com.juaracoding.kelompok1.DownloadAbsenTest.enters_nik_in_the_nik_input_field(java.lang.String)&amp#27;[39m
  &amp#27;[36m↷&amp#27;[39m &amp#27;[36m&amp#27;[1mAnd &amp#27;[22muser klik tombol download&amp#27;[39m                                                                                &amp#27;[90m# com.juaracoding.kelompok1.DownloadAbsenTest.user_klik_tombol_download()&amp#27;[39m
  &amp#27;[36m↷&amp#27;[39m &amp#27;[36m&amp#27;[1mThen &amp#27;[22mthe user should see an alert message &amp#27;[1m"Berhasil generate report"&amp#27;[22m&amp#27;[39m                                         &amp#27;[90m# com.juaracoding.kelompok1.LaporanLemburTest.the_user_should_see_an_alert_message(java.lang.String)&amp#27;[39m
  &amp#27;[36m↷&amp#27;[39m &amp#27;[36m&amp#27;[1mThen &amp#27;[22mvalidasi file excel harus mengandung data spesifik &amp#27;[1m"D6230554"&amp#27;[22m, &amp#27;[1m"!IKAN TOMAN"&amp#27;[22m, dan &amp#27;[1m"AXIATA DIGITAL LABS"&amp#27;[22m&amp#27;[39m &amp#27;[90m# com.juaracoding.kelompok1.DownloadAbsenTest.validasi_file_excel_spesifik(java.lang.String,java.lang.String,java.lang.String)&amp#27;[39m
        &amp#27;[31morg.openqa.selenium.NoSuchSessionException: invalid session id&amp#27;[39m
        &amp#27;[31mBuild info: version: '4.43.0', revision: 'dd0f534'&amp#27;[39m
        &amp#27;[31mSystem info: os.name: 'Windows 10', os.arch: 'amd64', os.version: '10.0', java.version: '25.0.2'&amp#27;[39m
        &amp#27;[31mDriver info: org.openqa.selenium.chrome.ChromeDriver&amp#27;[39m
        &amp#27;[31mCommand: [0f6f8fd94552e4792d17eb366a713927, screenshot {}]&amp#27;[39m
        &amp#27;[31mCapabilities {acceptInsecureCerts: false, browserName: chrome, browserVersion: 147.0.7727.102, chrome: {chromedriverVersion: 147.0.7727.117 (474cc805edd..., userDataDir: C:\Users\62819\AppData\Loca...}, fedcm:accounts: true, goog:chromeOptions: {debuggerAddress: localhost:55044}, goog:processID: 17680, networkConnectionEnabled: false, pageLoadStrategy: normal, platformName: windows, proxy: Proxy(), se:cdp: ws://localhost:55044/devtoo..., se:cdpVersion: 147.0.7727.102, setWindowRect: true, strictFileInteractability: false, timeouts: {implicit: 0, pageLoad: 300000, script: 30000}, unhandledPromptBehavior: dismiss and notify, webauthn:extension:credBlob: true, webauthn:extension:largeBlob: true, webauthn:extension:minPinLength: true, webauthn:extension:prf: true, webauthn:virtualAuthenticators: true}&amp#27;[39m
        &amp#27;[31mSession ID: 0f6f8fd94552e4792d17eb366a713927&amp#27;[39m
        &amp#27;[31m	at org.openqa.selenium.remote.ErrorCodec.decode(ErrorCodec.java:169)&amp#27;[39m
        &amp#27;[31m	at org.openqa.selenium.remote.codec.w3c.W3CHttpResponseCodec.decode(W3CHttpResponseCodec.java:142)&amp#27;[39m
        &amp#27;[31m	at org.openqa.selenium.remote.codec.w3c.W3CHttpResponseCodec.decode(W3CHttpResponseCodec.java:49)&amp#27;[39m
        &amp#27;[31m	at org.openqa.selenium.remote.HttpCommandExecutor.execute(HttpCommandExecutor.java:223)&amp#27;[39m
        &amp#27;[31m	at org.openqa.selenium.remote.service.DriverCommandExecutor.invokeExecute(DriverCommandExecutor.java:216)&amp#27;[39m
        &amp#27;[31m	at org.openqa.selenium.remote.service.DriverCommandExecutor.execute(DriverCommandExecutor.java:174)&amp#27;[39m
        &amp#27;[31m	at org.openqa.selenium.remote.RemoteWebDriver.execute(RemoteWebDriver.java:606)&amp#27;[39m
        &amp#27;[31m	at org.openqa.selenium.remote.RemoteWebDriver.execute(RemoteWebDriver.java:688)&amp#27;[39m
        &amp#27;[31m	at org.openqa.selenium.remote.RemoteWebDriver.execute(RemoteWebDriver.java:692)&amp#27;[39m
        &amp#27;[31m	at org.openqa.selenium.remote.RemoteWebDriver.getScreenshotAs(RemoteWebDriver.java:395)&amp#27;[39m
        &amp#27;[31m	at com.juaracoding.kelompok1.utils.Hooks.tearDown(Hooks.java:47)&amp#27;[39m
]]></system-out>
  </testcase>
  <testcase name="runScenario[&quot;Download laporan absen berdasarkan tanggal dan name&quot;, &quot;Download Absen Functionality&quot;](5)" classname="com.juaracoding.kelompok1.TestRunner" time="0.023">
    <failure message="invalid session id&#10;Build info: version: &apos;4.43.0&apos;, revision: &apos;dd0f534&apos;&#10;System info: os.name: &apos;Windows 10&apos;, os.arch: &apos;amd64&apos;, os.version: &apos;10.0&apos;, java.version: &apos;25.0.2&apos;&#10;Driver info: org.openqa.selenium.chrome.ChromeDriver&#10;Command: [0f6f8fd94552e4792d17eb366a713927, get {url=https://magang.dikahadir.com/authentication/login}]&#10;Capabilities {acceptInsecureCerts: false, browserName: chrome, browserVersion: 147.0.7727.102, chrome: {chromedriverVersion: 147.0.7727.117 (474cc805edd..., userDataDir: C:\Users\62819\AppData\Loca...}, fedcm:accounts: true, goog:chromeOptions: {debuggerAddress: localhost:55044}, goog:processID: 17680, networkConnectionEnabled: false, pageLoadStrategy: normal, platformName: windows, proxy: Proxy(), se:cdp: ws://localhost:55044/devtoo..., se:cdpVersion: 147.0.7727.102, setWindowRect: true, strictFileInteractability: false, timeouts: {implicit: 0, pageLoad: 300000, script: 30000}, unhandledPromptBehavior: dismiss and notify, webauthn:extension:credBlob: true, webauthn:extension:largeBlob: true, webauthn:extension:minPinLength: true, webauthn:extension:prf: true, webauthn:virtualAuthenticators: true}&#10;Session ID: 0f6f8fd94552e4792d17eb366a713927" type="org.openqa.selenium.NoSuchSessionException"><![CDATA[org.openqa.selenium.NoSuchSessionException: 
invalid session id
Build info: version: '4.43.0', revision: 'dd0f534'
System info: os.name: 'Windows 10', os.arch: 'amd64', os.version: '10.0', java.version: '25.0.2'
Driver info: org.openqa.selenium.chrome.ChromeDriver
Command: [0f6f8fd94552e4792d17eb366a713927, get {url=https://magang.dikahadir.com/authentication/login}]
Capabilities {acceptInsecureCerts: false, browserName: chrome, browserVersion: 147.0.7727.102, chrome: {chromedriverVersion: 147.0.7727.117 (474cc805edd..., userDataDir: C:\Users\62819\AppData\Loca...}, fedcm:accounts: true, goog:chromeOptions: {debuggerAddress: localhost:55044}, goog:processID: 17680, networkConnectionEnabled: false, pageLoadStrategy: normal, platformName: windows, proxy: Proxy(), se:cdp: ws://localhost:55044/devtoo..., se:cdpVersion: 147.0.7727.102, setWindowRect: true, strictFileInteractability: false, timeouts: {implicit: 0, pageLoad: 300000, script: 30000}, unhandledPromptBehavior: dismiss and notify, webauthn:extension:credBlob: true, webauthn:extension:largeBlob: true, webauthn:extension:minPinLength: true, webauthn:extension:prf: true, webauthn:virtualAuthenticators: true}
Session ID: 0f6f8fd94552e4792d17eb366a713927
	at org.openqa.selenium.remote.ErrorCodec.decode(ErrorCodec.java:169)
	at org.openqa.selenium.remote.codec.w3c.W3CHttpResponseCodec.decode(W3CHttpResponseCodec.java:142)
	at org.openqa.selenium.remote.codec.w3c.W3CHttpResponseCodec.decode(W3CHttpResponseCodec.java:49)
	at org.openqa.selenium.remote.HttpCommandExecutor.execute(HttpCommandExecutor.java:223)
	at org.openqa.selenium.remote.service.DriverCommandExecutor.invokeExecute(DriverCommandExecutor.java:216)
	at org.openqa.selenium.remote.service.DriverCommandExecutor.execute(DriverCommandExecutor.java:174)
	at org.openqa.selenium.remote.RemoteWebDriver.execute(RemoteWebDriver.java:606)
	at org.openqa.selenium.remote.RemoteWebDriver.get(RemoteWebDriver.java:374)
	at com.juaracoding.kelompok1.LoginTest.the_user_is_on_the_login_page(LoginTest.java:24)
	at ✽.the user is on the login page(file:///D:/Juara%20Coding/tugas-kelompok1/src/main/resources/features/DownloadAbsen.feature:5)
]]></failure>
    <system-out><![CDATA[
@SIT @DownloadAbsen
&amp#27;[1mScenario:&amp#27;[22m Download laporan absen berdasarkan tanggal dan name                                                    &amp#27;[90m# src/main/resources/features/DownloadAbsen.feature:44&amp#27;[39m
  &amp#27;[31m✘&amp#27;[39m &amp#27;[31m&amp#27;[1mGiven &amp#27;[22mthe user is on the login page&amp#27;[39m                                                                          &amp#27;[90m# com.juaracoding.kelompok1.LoginTest.the_user_is_on_the_login_page()&amp#27;[39m
        &amp#27;[31morg.openqa.selenium.NoSuchSessionException: invalid session id&amp#27;[39m
        &amp#27;[31mBuild info: version: '4.43.0', revision: 'dd0f534'&amp#27;[39m
        &amp#27;[31mSystem info: os.name: 'Windows 10', os.arch: 'amd64', os.version: '10.0', java.version: '25.0.2'&amp#27;[39m
        &amp#27;[31mDriver info: org.openqa.selenium.chrome.ChromeDriver&amp#27;[39m
        &amp#27;[31mCommand: [0f6f8fd94552e4792d17eb366a713927, get {url=https://magang.dikahadir.com/authentication/login}]&amp#27;[39m
        &amp#27;[31mCapabilities {acceptInsecureCerts: false, browserName: chrome, browserVersion: 147.0.7727.102, chrome: {chromedriverVersion: 147.0.7727.117 (474cc805edd..., userDataDir: C:\Users\62819\AppData\Loca...}, fedcm:accounts: true, goog:chromeOptions: {debuggerAddress: localhost:55044}, goog:processID: 17680, networkConnectionEnabled: false, pageLoadStrategy: normal, platformName: windows, proxy: Proxy(), se:cdp: ws://localhost:55044/devtoo..., se:cdpVersion: 147.0.7727.102, setWindowRect: true, strictFileInteractability: false, timeouts: {implicit: 0, pageLoad: 300000, script: 30000}, unhandledPromptBehavior: dismiss and notify, webauthn:extension:credBlob: true, webauthn:extension:largeBlob: true, webauthn:extension:minPinLength: true, webauthn:extension:prf: true, webauthn:virtualAuthenticators: true}&amp#27;[39m
        &amp#27;[31mSession ID: 0f6f8fd94552e4792d17eb366a713927&amp#27;[39m
        &amp#27;[31m	at org.openqa.selenium.remote.ErrorCodec.decode(ErrorCodec.java:169)&amp#27;[39m
        &amp#27;[31m	at org.openqa.selenium.remote.codec.w3c.W3CHttpResponseCodec.decode(W3CHttpResponseCodec.java:142)&amp#27;[39m
        &amp#27;[31m	at org.openqa.selenium.remote.codec.w3c.W3CHttpResponseCodec.decode(W3CHttpResponseCodec.java:49)&amp#27;[39m
        &amp#27;[31m	at org.openqa.selenium.remote.HttpCommandExecutor.execute(HttpCommandExecutor.java:223)&amp#27;[39m
        &amp#27;[31m	at org.openqa.selenium.remote.service.DriverCommandExecutor.invokeExecute(DriverCommandExecutor.java:216)&amp#27;[39m
        &amp#27;[31m	at org.openqa.selenium.remote.service.DriverCommandExecutor.execute(DriverCommandExecutor.java:174)&amp#27;[39m
        &amp#27;[31m	at org.openqa.selenium.remote.RemoteWebDriver.execute(RemoteWebDriver.java:606)&amp#27;[39m
        &amp#27;[31m	at org.openqa.selenium.remote.RemoteWebDriver.get(RemoteWebDriver.java:374)&amp#27;[39m
        &amp#27;[31m	at com.juaracoding.kelompok1.LoginTest.the_user_is_on_the_login_page(LoginTest.java:24)&amp#27;[39m
        &amp#27;[31m	at ✽.the user is on the login page(file:///D:/Juara%20Coding/tugas-kelompok1/src/main/resources/features/DownloadAbsen.feature:5)&amp#27;[39m
  &amp#27;[36m↷&amp#27;[39m &amp#27;[36m&amp#27;[1mWhen &amp#27;[22mthe user enters valid email and password&amp#27;[39m                                                                &amp#27;[90m# com.juaracoding.kelompok1.LoginTest.the_user_enters_valid_email_and_password()&amp#27;[39m
  &amp#27;[36m↷&amp#27;[39m &amp#27;[36m&amp#27;[1mAnd &amp#27;[22mclicks the login button&amp#27;[39m                                                                                  &amp#27;[90m# com.juaracoding.kelompok1.LoginTest.clicks_the_login_button()&amp#27;[39m
  &amp#27;[36m↷&amp#27;[39m &amp#27;[36m&amp#27;[1mThen &amp#27;[22mthe user should be redirected to the dashboard page&amp#27;[39m                                                     &amp#27;[90m# com.juaracoding.kelompok1.LoginTest.the_user_should_be_redirected_to_the_dashboard_page()&amp#27;[39m
  &amp#27;[36m↷&amp#27;[39m &amp#27;[36m&amp#27;[1mAnd &amp#27;[22mthe page header should display Logo Hadir&amp#27;[39m                                                                &amp#27;[90m# com.juaracoding.kelompok1.LoginTest.the_page_header_should_display_Logo_Hadir()&amp#27;[39m
  &amp#27;[36m↷&amp#27;[39m &amp#27;[36m&amp#27;[1mAnd &amp#27;[22mthe user navigates to the Laporan menu&amp#27;[39m                                                                   &amp#27;[90m# com.juaracoding.kelompok1.LaporanCutiTest.the_user_navigates_to_the_laporan_menu()&amp#27;[39m
  &amp#27;[36m↷&amp#27;[39m &amp#27;[36m&amp#27;[1mThen &amp#27;[22mthe user selects the Download Absen submenu&amp#27;[39m                                                             &amp#27;[90m# com.juaracoding.kelompok1.DownloadAbsenTest.the_user_selects_the_download_absen_submenu()&amp#27;[39m
  &amp#27;[36m↷&amp#27;[39m &amp#27;[36m&amp#27;[1mWhen &amp#27;[22muser pilih tanggal dari &amp#27;[1m"1"&amp#27;[22m sampai &amp#27;[1m"28"&amp#27;[22m&amp#27;[39m                                                                 &amp#27;[90m# com.juaracoding.kelompok1.DownloadAbsenTest.user_pilih_tanggal(java.lang.String,java.lang.String)&amp#27;[39m
  &amp#27;[36m↷&amp#27;[39m &amp#27;[36m&amp#27;[1mAnd &amp#27;[22menters name &amp#27;[1m"!ikan toman"&amp#27;[22m in the name input field&amp#27;[39m                                                        &amp#27;[90m# com.juaracoding.kelompok1.DownloadAbsenTest.enters_name_in_the_name_input_field(java.lang.String)&amp#27;[39m
  &amp#27;[36m↷&amp#27;[39m &amp#27;[36m&amp#27;[1mAnd &amp#27;[22muser klik tombol download&amp#27;[39m                                                                                &amp#27;[90m# com.juaracoding.kelompok1.DownloadAbsenTest.user_klik_tombol_download()&amp#27;[39m
  &amp#27;[36m↷&amp#27;[39m &amp#27;[36m&amp#27;[1mThen &amp#27;[22mthe user should see an alert message &amp#27;[1m"Berhasil generate report"&amp#27;[22m&amp#27;[39m                                         &amp#27;[90m# com.juaracoding.kelompok1.LaporanLemburTest.the_user_should_see_an_alert_message(java.lang.String)&amp#27;[39m
  &amp#27;[36m↷&amp#27;[39m &amp#27;[36m&amp#27;[1mThen &amp#27;[22mvalidasi file excel harus mengandung data spesifik &amp#27;[1m"D6230554"&amp#27;[22m, &amp#27;[1m"!IKAN TOMAN"&amp#27;[22m, dan &amp#27;[1m"AXIATA DIGITAL LABS"&amp#27;[22m&amp#27;[39m &amp#27;[90m# com.juaracoding.kelompok1.DownloadAbsenTest.validasi_file_excel_spesifik(java.lang.String,java.lang.String,java.lang.String)&amp#27;[39m
        &amp#27;[31morg.openqa.selenium.NoSuchSessionException: invalid session id&amp#27;[39m
        &amp#27;[31mBuild info: version: '4.43.0', revision: 'dd0f534'&amp#27;[39m
        &amp#27;[31mSystem info: os.name: 'Windows 10', os.arch: 'amd64', os.version: '10.0', java.version: '25.0.2'&amp#27;[39m
        &amp#27;[31mDriver info: org.openqa.selenium.chrome.ChromeDriver&amp#27;[39m
        &amp#27;[31mCommand: [0f6f8fd94552e4792d17eb366a713927, screenshot {}]&amp#27;[39m
        &amp#27;[31mCapabilities {acceptInsecureCerts: false, browserName: chrome, browserVersion: 147.0.7727.102, chrome: {chromedriverVersion: 147.0.7727.117 (474cc805edd..., userDataDir: C:\Users\62819\AppData\Loca...}, fedcm:accounts: true, goog:chromeOptions: {debuggerAddress: localhost:55044}, goog:processID: 17680, networkConnectionEnabled: false, pageLoadStrategy: normal, platformName: windows, proxy: Proxy(), se:cdp: ws://localhost:55044/devtoo..., se:cdpVersion: 147.0.7727.102, setWindowRect: true, strictFileInteractability: false, timeouts: {implicit: 0, pageLoad: 300000, script: 30000}, unhandledPromptBehavior: dismiss and notify, webauthn:extension:credBlob: true, webauthn:extension:largeBlob: true, webauthn:extension:minPinLength: true, webauthn:extension:prf: true, webauthn:virtualAuthenticators: true}&amp#27;[39m
        &amp#27;[31mSession ID: 0f6f8fd94552e4792d17eb366a713927&amp#27;[39m
        &amp#27;[31m	at org.openqa.selenium.remote.ErrorCodec.decode(ErrorCodec.java:169)&amp#27;[39m
        &amp#27;[31m	at org.openqa.selenium.remote.codec.w3c.W3CHttpResponseCodec.decode(W3CHttpResponseCodec.java:142)&amp#27;[39m
        &amp#27;[31m	at org.openqa.selenium.remote.codec.w3c.W3CHttpResponseCodec.decode(W3CHttpResponseCodec.java:49)&amp#27;[39m
        &amp#27;[31m	at org.openqa.selenium.remote.HttpCommandExecutor.execute(HttpCommandExecutor.java:223)&amp#27;[39m
        &amp#27;[31m	at org.openqa.selenium.remote.service.DriverCommandExecutor.invokeExecute(DriverCommandExecutor.java:216)&amp#27;[39m
        &amp#27;[31m	at org.openqa.selenium.remote.service.DriverCommandExecutor.execute(DriverCommandExecutor.java:174)&amp#27;[39m
        &amp#27;[31m	at org.openqa.selenium.remote.RemoteWebDriver.execute(RemoteWebDriver.java:606)&amp#27;[39m
        &amp#27;[31m	at org.openqa.selenium.remote.RemoteWebDriver.execute(RemoteWebDriver.java:688)&amp#27;[39m
        &amp#27;[31m	at org.openqa.selenium.remote.RemoteWebDriver.execute(RemoteWebDriver.java:692)&amp#27;[39m
        &amp#27;[31m	at org.openqa.selenium.remote.RemoteWebDriver.getScreenshotAs(RemoteWebDriver.java:395)&amp#27;[39m
        &amp#27;[31m	at com.juaracoding.kelompok1.utils.Hooks.tearDown(Hooks.java:47)&amp#27;[39m
]]></system-out>
  </testcase>
  <testcase name="runScenario[&quot;Download laporan absen berdasarkan tanggal dan upliner&quot;, &quot;Download Absen Functionality&quot;](6)" classname="com.juaracoding.kelompok1.TestRunner" time="0.101">
    <failure message="invalid session id&#10;Build info: version: &apos;4.43.0&apos;, revision: &apos;dd0f534&apos;&#10;System info: os.name: &apos;Windows 10&apos;, os.arch: &apos;amd64&apos;, os.version: &apos;10.0&apos;, java.version: &apos;25.0.2&apos;&#10;Driver info: org.openqa.selenium.chrome.ChromeDriver&#10;Command: [0f6f8fd94552e4792d17eb366a713927, get {url=https://magang.dikahadir.com/authentication/login}]&#10;Capabilities {acceptInsecureCerts: false, browserName: chrome, browserVersion: 147.0.7727.102, chrome: {chromedriverVersion: 147.0.7727.117 (474cc805edd..., userDataDir: C:\Users\62819\AppData\Loca...}, fedcm:accounts: true, goog:chromeOptions: {debuggerAddress: localhost:55044}, goog:processID: 17680, networkConnectionEnabled: false, pageLoadStrategy: normal, platformName: windows, proxy: Proxy(), se:cdp: ws://localhost:55044/devtoo..., se:cdpVersion: 147.0.7727.102, setWindowRect: true, strictFileInteractability: false, timeouts: {implicit: 0, pageLoad: 300000, script: 30000}, unhandledPromptBehavior: dismiss and notify, webauthn:extension:credBlob: true, webauthn:extension:largeBlob: true, webauthn:extension:minPinLength: true, webauthn:extension:prf: true, webauthn:virtualAuthenticators: true}&#10;Session ID: 0f6f8fd94552e4792d17eb366a713927" type="org.openqa.selenium.NoSuchSessionException"><![CDATA[org.openqa.selenium.NoSuchSessionException: 
invalid session id
Build info: version: '4.43.0', revision: 'dd0f534'
System info: os.name: 'Windows 10', os.arch: 'amd64', os.version: '10.0', java.version: '25.0.2'
Driver info: org.openqa.selenium.chrome.ChromeDriver
Command: [0f6f8fd94552e4792d17eb366a713927, get {url=https://magang.dikahadir.com/authentication/login}]
Capabilities {acceptInsecureCerts: false, browserName: chrome, browserVersion: 147.0.7727.102, chrome: {chromedriverVersion: 147.0.7727.117 (474cc805edd..., userDataDir: C:\Users\62819\AppData\Loca...}, fedcm:accounts: true, goog:chromeOptions: {debuggerAddress: localhost:55044}, goog:processID: 17680, networkConnectionEnabled: false, pageLoadStrategy: normal, platformName: windows, proxy: Proxy(), se:cdp: ws://localhost:55044/devtoo..., se:cdpVersion: 147.0.7727.102, setWindowRect: true, strictFileInteractability: false, timeouts: {implicit: 0, pageLoad: 300000, script: 30000}, unhandledPromptBehavior: dismiss and notify, webauthn:extension:credBlob: true, webauthn:extension:largeBlob: true, webauthn:extension:minPinLength: true, webauthn:extension:prf: true, webauthn:virtualAuthenticators: true}
Session ID: 0f6f8fd94552e4792d17eb366a713927
	at org.openqa.selenium.remote.ErrorCodec.decode(ErrorCodec.java:169)
	at org.openqa.selenium.remote.codec.w3c.W3CHttpResponseCodec.decode(W3CHttpResponseCodec.java:142)
	at org.openqa.selenium.remote.codec.w3c.W3CHttpResponseCodec.decode(W3CHttpResponseCodec.java:49)
	at org.openqa.selenium.remote.HttpCommandExecutor.execute(HttpCommandExecutor.java:223)
	at org.openqa.selenium.remote.service.DriverCommandExecutor.invokeExecute(DriverCommandExecutor.java:216)
	at org.openqa.selenium.remote.service.DriverCommandExecutor.execute(DriverCommandExecutor.java:174)
	at org.openqa.selenium.remote.RemoteWebDriver.execute(RemoteWebDriver.java:606)
	at org.openqa.selenium.remote.RemoteWebDriver.get(RemoteWebDriver.java:374)
	at com.juaracoding.kelompok1.LoginTest.the_user_is_on_the_login_page(LoginTest.java:24)
	at ✽.the user is on the login page(file:///D:/Juara%20Coding/tugas-kelompok1/src/main/resources/features/DownloadAbsen.feature:5)
]]></failure>
    <system-out><![CDATA[
@SIT @DownloadAbsen
&amp#27;[1mScenario:&amp#27;[22m Download laporan absen berdasarkan tanggal dan upliner                                                 &amp#27;[90m# src/main/resources/features/DownloadAbsen.feature:51&amp#27;[39m
  &amp#27;[31m✘&amp#27;[39m &amp#27;[31m&amp#27;[1mGiven &amp#27;[22mthe user is on the login page&amp#27;[39m                                                                          &amp#27;[90m# com.juaracoding.kelompok1.LoginTest.the_user_is_on_the_login_page()&amp#27;[39m
        &amp#27;[31morg.openqa.selenium.NoSuchSessionException: invalid session id&amp#27;[39m
        &amp#27;[31mBuild info: version: '4.43.0', revision: 'dd0f534'&amp#27;[39m
        &amp#27;[31mSystem info: os.name: 'Windows 10', os.arch: 'amd64', os.version: '10.0', java.version: '25.0.2'&amp#27;[39m
        &amp#27;[31mDriver info: org.openqa.selenium.chrome.ChromeDriver&amp#27;[39m
        &amp#27;[31mCommand: [0f6f8fd94552e4792d17eb366a713927, get {url=https://magang.dikahadir.com/authentication/login}]&amp#27;[39m
        &amp#27;[31mCapabilities {acceptInsecureCerts: false, browserName: chrome, browserVersion: 147.0.7727.102, chrome: {chromedriverVersion: 147.0.7727.117 (474cc805edd..., userDataDir: C:\Users\62819\AppData\Loca...}, fedcm:accounts: true, goog:chromeOptions: {debuggerAddress: localhost:55044}, goog:processID: 17680, networkConnectionEnabled: false, pageLoadStrategy: normal, platformName: windows, proxy: Proxy(), se:cdp: ws://localhost:55044/devtoo..., se:cdpVersion: 147.0.7727.102, setWindowRect: true, strictFileInteractability: false, timeouts: {implicit: 0, pageLoad: 300000, script: 30000}, unhandledPromptBehavior: dismiss and notify, webauthn:extension:credBlob: true, webauthn:extension:largeBlob: true, webauthn:extension:minPinLength: true, webauthn:extension:prf: true, webauthn:virtualAuthenticators: true}&amp#27;[39m
        &amp#27;[31mSession ID: 0f6f8fd94552e4792d17eb366a713927&amp#27;[39m
        &amp#27;[31m	at org.openqa.selenium.remote.ErrorCodec.decode(ErrorCodec.java:169)&amp#27;[39m
        &amp#27;[31m	at org.openqa.selenium.remote.codec.w3c.W3CHttpResponseCodec.decode(W3CHttpResponseCodec.java:142)&amp#27;[39m
        &amp#27;[31m	at org.openqa.selenium.remote.codec.w3c.W3CHttpResponseCodec.decode(W3CHttpResponseCodec.java:49)&amp#27;[39m
        &amp#27;[31m	at org.openqa.selenium.remote.HttpCommandExecutor.execute(HttpCommandExecutor.java:223)&amp#27;[39m
        &amp#27;[31m	at org.openqa.selenium.remote.service.DriverCommandExecutor.invokeExecute(DriverCommandExecutor.java:216)&amp#27;[39m
        &amp#27;[31m	at org.openqa.selenium.remote.service.DriverCommandExecutor.execute(DriverCommandExecutor.java:174)&amp#27;[39m
        &amp#27;[31m	at org.openqa.selenium.remote.RemoteWebDriver.execute(RemoteWebDriver.java:606)&amp#27;[39m
        &amp#27;[31m	at org.openqa.selenium.remote.RemoteWebDriver.get(RemoteWebDriver.java:374)&amp#27;[39m
        &amp#27;[31m	at com.juaracoding.kelompok1.LoginTest.the_user_is_on_the_login_page(LoginTest.java:24)&amp#27;[39m
        &amp#27;[31m	at ✽.the user is on the login page(file:///D:/Juara%20Coding/tugas-kelompok1/src/main/resources/features/DownloadAbsen.feature:5)&amp#27;[39m
  &amp#27;[36m↷&amp#27;[39m &amp#27;[36m&amp#27;[1mWhen &amp#27;[22mthe user enters valid email and password&amp#27;[39m                                                                &amp#27;[90m# com.juaracoding.kelompok1.LoginTest.the_user_enters_valid_email_and_password()&amp#27;[39m
  &amp#27;[36m↷&amp#27;[39m &amp#27;[36m&amp#27;[1mAnd &amp#27;[22mclicks the login button&amp#27;[39m                                                                                  &amp#27;[90m# com.juaracoding.kelompok1.LoginTest.clicks_the_login_button()&amp#27;[39m
  &amp#27;[36m↷&amp#27;[39m &amp#27;[36m&amp#27;[1mThen &amp#27;[22mthe user should be redirected to the dashboard page&amp#27;[39m                                                     &amp#27;[90m# com.juaracoding.kelompok1.LoginTest.the_user_should_be_redirected_to_the_dashboard_page()&amp#27;[39m
  &amp#27;[36m↷&amp#27;[39m &amp#27;[36m&amp#27;[1mAnd &amp#27;[22mthe page header should display Logo Hadir&amp#27;[39m                                                                &amp#27;[90m# com.juaracoding.kelompok1.LoginTest.the_page_header_should_display_Logo_Hadir()&amp#27;[39m
  &amp#27;[36m↷&amp#27;[39m &amp#27;[36m&amp#27;[1mAnd &amp#27;[22mthe user navigates to the Laporan menu&amp#27;[39m                                                                   &amp#27;[90m# com.juaracoding.kelompok1.LaporanCutiTest.the_user_navigates_to_the_laporan_menu()&amp#27;[39m
  &amp#27;[36m↷&amp#27;[39m &amp#27;[36m&amp#27;[1mThen &amp#27;[22mthe user selects the Download Absen submenu&amp#27;[39m                                                             &amp#27;[90m# com.juaracoding.kelompok1.DownloadAbsenTest.the_user_selects_the_download_absen_submenu()&amp#27;[39m
  &amp#27;[36m↷&amp#27;[39m &amp#27;[36m&amp#27;[1mWhen &amp#27;[22muser pilih tanggal dari &amp#27;[1m"1"&amp#27;[22m sampai &amp#27;[1m"28"&amp#27;[22m&amp#27;[39m                                                                 &amp#27;[90m# com.juaracoding.kelompok1.DownloadAbsenTest.user_pilih_tanggal(java.lang.String,java.lang.String)&amp#27;[39m
  &amp#27;[36m↷&amp#27;[39m &amp#27;[36m&amp#27;[1mAnd &amp#27;[22menters upliner &amp#27;[1m"!ikan Salmon"&amp#27;[22m in the upliner input field&amp#27;[39m                                                 &amp#27;[90m# com.juaracoding.kelompok1.DownloadAbsenTest.enters_upliner_in_the_upliner_input_field(java.lang.String)&amp#27;[39m
  &amp#27;[36m↷&amp#27;[39m &amp#27;[36m&amp#27;[1mAnd &amp#27;[22muser klik tombol download&amp#27;[39m                                                                                &amp#27;[90m# com.juaracoding.kelompok1.DownloadAbsenTest.user_klik_tombol_download()&amp#27;[39m
  &amp#27;[36m↷&amp#27;[39m &amp#27;[36m&amp#27;[1mThen &amp#27;[22mthe user should see an alert message &amp#27;[1m"Berhasil generate report"&amp#27;[22m&amp#27;[39m                                         &amp#27;[90m# com.juaracoding.kelompok1.LaporanLemburTest.the_user_should_see_an_alert_message(java.lang.String)&amp#27;[39m
  &amp#27;[36m↷&amp#27;[39m &amp#27;[36m&amp#27;[1mThen &amp#27;[22mvalidasi file excel harus mengandung data spesifik &amp#27;[1m"D6230554"&amp#27;[22m, &amp#27;[1m"!IKAN TOMAN"&amp#27;[22m, dan &amp#27;[1m"AXIATA DIGITAL LABS"&amp#27;[22m&amp#27;[39m &amp#27;[90m# com.juaracoding.kelompok1.DownloadAbsenTest.validasi_file_excel_spesifik(java.lang.String,java.lang.String,java.lang.String)&amp#27;[39m
        &amp#27;[31morg.openqa.selenium.NoSuchSessionException: invalid session id&amp#27;[39m
        &amp#27;[31mBuild info: version: '4.43.0', revision: 'dd0f534'&amp#27;[39m
        &amp#27;[31mSystem info: os.name: 'Windows 10', os.arch: 'amd64', os.version: '10.0', java.version: '25.0.2'&amp#27;[39m
        &amp#27;[31mDriver info: org.openqa.selenium.chrome.ChromeDriver&amp#27;[39m
        &amp#27;[31mCommand: [0f6f8fd94552e4792d17eb366a713927, screenshot {}]&amp#27;[39m
[...]
Session ID: 0f6f8fd94552e4792d17eb366a713927
	at org.openqa.selenium.remote.ErrorCodec.decode(ErrorCodec.java:169)
	at org.openqa.selenium.remote.codec.w3c.W3CHttpResponseCodec.decode(W3CHttpResponseCodec.java:142)
	at org.openqa.selenium.remote.codec.w3c.W3CHttpResponseCodec.decode(W3CHttpResponseCodec.java:49)
	at org.openqa.selenium.remote.HttpCommandExecutor.execute(HttpCommandExecutor.java:223)
	at org.openqa.selenium.remote.service.DriverCommandExecutor.invokeExecute(DriverCommandExecutor.java:216)
	at org.openqa.selenium.remote.service.DriverCommandExecutor.execute(DriverCommandExecutor.java:174)
	at org.openqa.selenium.remote.RemoteWebDriver.execute(RemoteWebDriver.java:606)
	at org.openqa.selenium.remote.RemoteWebDriver.get(RemoteWebDriver.java:374)
	at com.juaracoding.kelompok1.LoginTest.the_user_is_on_the_login_page(LoginTest.java:24)
	at ✽.the user is on the login page(file:///D:/Juara%20Coding/tugas-kelompok1/src/main/resources/features/LaporanSakit.feature:5)
]]></failure>
    <system-out><![CDATA[
@SIT @LaporanSakit
&amp#27;[1mScenario:&amp#27;[22m Validate sick image http status                    &amp#27;[90m# src/main/resources/features/LaporanSakit.feature:45&amp#27;[39m
  &amp#27;[31m✘&amp#27;[39m &amp#27;[31m&amp#27;[1mGiven &amp#27;[22mthe user is on the login page&amp#27;[39m                      &amp#27;[90m# com.juaracoding.kelompok1.LoginTest.the_user_is_on_the_login_page()&amp#27;[39m
        &amp#27;[31morg.openqa.selenium.NoSuchSessionException: invalid session id&amp#27;[39m
        &amp#27;[31mBuild info: version: '4.43.0', revision: 'dd0f534'&amp#27;[39m
        &amp#27;[31mSystem info: os.name: 'Windows 10', os.arch: 'amd64', os.version: '10.0', java.version: '25.0.2'&amp#27;[39m
        &amp#27;[31mDriver info: org.openqa.selenium.chrome.ChromeDriver&amp#27;[39m
        &amp#27;[31mCommand: [0f6f8fd94552e4792d17eb366a713927, get {url=https://magang.dikahadir.com/authentication/login}]&amp#27;[39m
        &amp#27;[31mCapabilities {acceptInsecureCerts: false, browserName: chrome, browserVersion: 147.0.7727.102, chrome: {chromedriverVersion: 147.0.7727.117 (474cc805edd..., userDataDir: C:\Users\62819\AppData\Loca...}, fedcm:accounts: true, goog:chromeOptions: {debuggerAddress: localhost:55044}, goog:processID: 17680, networkConnectionEnabled: false, pageLoadStrategy: normal, platformName: windows, proxy: Proxy(), se:cdp: ws://localhost:55044/devtoo..., se:cdpVersion: 147.0.7727.102, setWindowRect: true, strictFileInteractability: false, timeouts: {implicit: 0, pageLoad: 300000, script: 30000}, unhandledPromptBehavior: dismiss and notify, webauthn:extension:credBlob: true, webauthn:extension:largeBlob: true, webauthn:extension:minPinLength: true, webauthn:extension:prf: true, webauthn:virtualAuthenticators: true}&amp#27;[39m
        &amp#27;[31mSession ID: 0f6f8fd94552e4792d17eb366a713927&amp#27;[39m
        &amp#27;[31m	at org.openqa.selenium.remote.ErrorCodec.decode(ErrorCodec.java:169)&amp#27;[39m
        &amp#27;[31m	at org.openqa.selenium.remote.codec.w3c.W3CHttpResponseCodec.decode(W3CHttpResponseCodec.java:142)&amp#27;[39m
        &amp#27;[31m	at org.openqa.selenium.remote.codec.w3c.W3CHttpResponseCodec.decode(W3CHttpResponseCodec.java:49)&amp#27;[39m
        &amp#27;[31m	at org.openqa.selenium.remote.HttpCommandExecutor.execute(HttpCommandExecutor.java:223)&amp#27;[39m
        &amp#27;[31m	at org.openqa.selenium.remote.service.DriverCommandExecutor.invokeExecute(DriverCommandExecutor.java:216)&amp#27;[39m
        &amp#27;[31m	at org.openqa.selenium.remote.service.DriverCommandExecutor.execute(DriverCommandExecutor.java:174)&amp#27;[39m
        &amp#27;[31m	at org.openqa.selenium.remote.RemoteWebDriver.execute(RemoteWebDriver.java:606)&amp#27;[39m
        &amp#27;[31m	at org.openqa.selenium.remote.RemoteWebDriver.get(RemoteWebDriver.java:374)&amp#27;[39m
        &amp#27;[31m	at com.juaracoding.kelompok1.LoginTest.the_user_is_on_the_login_page(LoginTest.java:24)&amp#27;[39m
        &amp#27;[31m	at ✽.the user is on the login page(file:///D:/Juara%20Coding/tugas-kelompok1/src/main/resources/features/LaporanSakit.feature:5)&amp#27;[39m
  &amp#27;[36m↷&amp#27;[39m &amp#27;[36m&amp#27;[1mWhen &amp#27;[22mthe user enters valid email and password&amp#27;[39m            &amp#27;[90m# com.juaracoding.kelompok1.LoginTest.the_user_enters_valid_email_and_password()&amp#27;[39m
  &amp#27;[36m↷&amp#27;[39m &amp#27;[36m&amp#27;[1mAnd &amp#27;[22mclicks the login button&amp#27;[39m                              &amp#27;[90m# com.juaracoding.kelompok1.LoginTest.clicks_the_login_button()&amp#27;[39m
  &amp#27;[36m↷&amp#27;[39m &amp#27;[36m&amp#27;[1mThen &amp#27;[22mthe user should be redirected to the dashboard page&amp#27;[39m &amp#27;[90m# com.juaracoding.kelompok1.LoginTest.the_user_should_be_redirected_to_the_dashboard_page()&amp#27;[39m
  &amp#27;[36m↷&amp#27;[39m &amp#27;[36m&amp#27;[1mAnd &amp#27;[22mthe page header should display Logo Hadir&amp#27;[39m            &amp#27;[90m# com.juaracoding.kelompok1.LoginTest.the_page_header_should_display_Logo_Hadir()&amp#27;[39m
  &amp#27;[36m↷&amp#27;[39m &amp#27;[36m&amp#27;[1mAnd &amp#27;[22mthe user navigates to the Laporan menu&amp#27;[39m               &amp#27;[90m# com.juaracoding.kelompok1.LaporanCutiTest.the_user_navigates_to_the_laporan_menu()&amp#27;[39m
  &amp#27;[36m↷&amp#27;[39m &amp#27;[36m&amp#27;[1mThen &amp#27;[22mthe user selects the Sakit submenu&amp#27;[39m                  &amp#27;[90m# com.juaracoding.kelompok1.LaporanSakitTest.the_user_selects_the_sakit_submenu()&amp#27;[39m
  &amp#27;[36m↷&amp#27;[39m &amp#27;[36m&amp#27;[1mWhen &amp#27;[22mthe user clicks the View button on the first row&amp#27;[39m    &amp#27;[90m# com.juaracoding.kelompok1.LaporanSakitTest.user_clicks_view_button()&amp#27;[39m
  &amp#27;[36m↷&amp#27;[39m &amp#27;[36m&amp#27;[1mThen &amp#27;[22ma modal with the attachment image should appear&amp#27;[39m     &amp#27;[90m# com.juaracoding.kelompok1.LaporanSakitTest.verify_image_modal()&amp#27;[39m
  &amp#27;[36m↷&amp#27;[39m &amp#27;[36m&amp#27;[1mAnd &amp#27;[22mthe image should not be broken (HTTP 404)&amp#27;[39m            &amp#27;[90m# com.juaracoding.kelompok1.LaporanSakitTest.the_image_should_not_be_broken()&amp#27;[39m
        &amp#27;[31morg.openqa.selenium.NoSuchSessionException: invalid session id&amp#27;[39m
        &amp#27;[31mBuild info: version: '4.43.0', revision: 'dd0f534'&amp#27;[39m
        &amp#27;[31mSystem info: os.name: 'Windows 10', os.arch: 'amd64', os.version: '10.0', java.version: '25.0.2'&amp#27;[39m
        &amp#27;[31mDriver info: org.openqa.selenium.chrome.ChromeDriver&amp#27;[39m
        &amp#27;[31mCommand: [0f6f8fd94552e4792d17eb366a713927, screenshot {}]&amp#27;[39m
        &amp#27;[31mCapabilities {acceptInsecureCerts: false, browserName: chrome, browserVersion: 147.0.7727.102, chrome: {chromedriverVersion: 147.0.7727.117 (474cc805edd..., userDataDir: C:\Users\62819\AppData\Loca...}, fedcm:accounts: true, goog:chromeOptions: {debuggerAddress: localhost:55044}, goog:processID: 17680, networkConnectionEnabled: false, pageLoadStrategy: normal, platformName: windows, proxy: Proxy(), se:cdp: ws://localhost:55044/devtoo..., se:cdpVersion: 147.0.7727.102, setWindowRect: true, strictFileInteractability: false, timeouts: {implicit: 0, pageLoad: 300000, script: 30000}, unhandledPromptBehavior: dismiss and notify, webauthn:extension:credBlob: true, webauthn:extension:largeBlob: true, webauthn:extension:minPinLength: true, webauthn:extension:prf: true, webauthn:virtualAuthenticators: true}&amp#27;[39m
        &amp#27;[31mSession ID: 0f6f8fd94552e4792d17eb366a713927&amp#27;[39m
        &amp#27;[31m	at org.openqa.selenium.remote.ErrorCodec.decode(ErrorCodec.java:169)&amp#27;[39m
        &amp#27;[31m	at org.openqa.selenium.remote.codec.w3c.W3CHttpResponseCodec.decode(W3CHttpResponseCodec.java:142)&amp#27;[39m
        &amp#27;[31m	at org.openqa.selenium.remote.codec.w3c.W3CHttpResponseCodec.decode(W3CHttpResponseCodec.java:49)&amp#27;[39m
        &amp#27;[31m	at org.openqa.selenium.remote.HttpCommandExecutor.execute(HttpCommandExecutor.java:223)&amp#27;[39m
        &amp#27;[31m	at org.openqa.selenium.remote.service.DriverCommandExecutor.invokeExecute(DriverCommandExecutor.java:216)&amp#27;[39m
        &amp#27;[31m	at org.openqa.selenium.remote.service.DriverCommandExecutor.execute(DriverCommandExecutor.java:174)&amp#27;[39m
        &amp#27;[31m	at org.openqa.selenium.remote.RemoteWebDriver.execute(RemoteWebDriver.java:606)&amp#27;[39m
        &amp#27;[31m	at org.openqa.selenium.remote.RemoteWebDriver.execute(RemoteWebDriver.java:688)&amp#27;[39m
        &amp#27;[31m	at org.openqa.selenium.remote.RemoteWebDriver.execute(RemoteWebDriver.java:692)&amp#27;[39m
        &amp#27;[31m	at org.openqa.selenium.remote.RemoteWebDriver.getScreenshotAs(RemoteWebDriver.java:395)&amp#27;[39m
        &amp#27;[31m	at com.juaracoding.kelompok1.utils.Hooks.tearDown(Hooks.java:47)&amp#27;[39m
]]></system-out>
  </testcase>
  <testcase name="runScenario[&quot;Successful login with valid credentials&quot;, &quot;Hadir Login Functionality&quot;](42)" classname="com.juaracoding.kelompok1.TestRunner" time="0.008">
    <failure message="invalid session id&#10;Build info: version: &apos;4.43.0&apos;, revision: &apos;dd0f534&apos;&#10;System info: os.name: &apos;Windows 10&apos;, os.arch: &apos;amd64&apos;, os.version: &apos;10.0&apos;, java.version: &apos;25.0.2&apos;&#10;Driver info: org.openqa.selenium.chrome.ChromeDriver&#10;Command: [0f6f8fd94552e4792d17eb366a713927, get {url=https://magang.dikahadir.com/authentication/login}]&#10;Capabilities {acceptInsecureCerts: false, browserName: chrome, browserVersion: 147.0.7727.102, chrome: {chromedriverVersion: 147.0.7727.117 (474cc805edd..., userDataDir: C:\Users\62819\AppData\Loca...}, fedcm:accounts: true, goog:chromeOptions: {debuggerAddress: localhost:55044}, goog:processID: 17680, networkConnectionEnabled: false, pageLoadStrategy: normal, platformName: windows, proxy: Proxy(), se:cdp: ws://localhost:55044/devtoo..., se:cdpVersion: 147.0.7727.102, setWindowRect: true, strictFileInteractability: false, timeouts: {implicit: 0, pageLoad: 300000, script: 30000}, unhandledPromptBehavior: dismiss and notify, webauthn:extension:credBlob: true, webauthn:extension:largeBlob: true, webauthn:extension:minPinLength: true, webauthn:extension:prf: true, webauthn:virtualAuthenticators: true}&#10;Session ID: 0f6f8fd94552e4792d17eb366a713927" type="org.openqa.selenium.NoSuchSessionException"><![CDATA[org.openqa.selenium.NoSuchSessionException: 
invalid session id
Build info: version: '4.43.0', revision: 'dd0f534'
System info: os.name: 'Windows 10', os.arch: 'amd64', os.version: '10.0', java.version: '25.0.2'
Driver info: org.openqa.selenium.chrome.ChromeDriver
Command: [0f6f8fd94552e4792d17eb366a713927, get {url=https://magang.dikahadir.com/authentication/login}]
Capabilities {acceptInsecureCerts: false, browserName: chrome, browserVersion: 147.0.7727.102, chrome: {chromedriverVersion: 147.0.7727.117 (474cc805edd..., userDataDir: C:\Users\62819\AppData\Loca...}, fedcm:accounts: true, goog:chromeOptions: {debuggerAddress: localhost:55044}, goog:processID: 17680, networkConnectionEnabled: false, pageLoadStrategy: normal, platformName: windows, proxy: Proxy(), se:cdp: ws://localhost:55044/devtoo..., se:cdpVersion: 147.0.7727.102, setWindowRect: true, strictFileInteractability: false, timeouts: {implicit: 0, pageLoad: 300000, script: 30000}, unhandledPromptBehavior: dismiss and notify, webauthn:extension:credBlob: true, webauthn:extension:largeBlob: true, webauthn:extension:minPinLength: true, webauthn:extension:prf: true, webauthn:virtualAuthenticators: true}
Session ID: 0f6f8fd94552e4792d17eb366a713927
	at org.openqa.selenium.remote.ErrorCodec.decode(ErrorCodec.java:169)
	at org.openqa.selenium.remote.codec.w3c.W3CHttpResponseCodec.decode(W3CHttpResponseCodec.java:142)
	at org.openqa.selenium.remote.codec.w3c.W3CHttpResponseCodec.decode(W3CHttpResponseCodec.java:49)
	at org.openqa.selenium.remote.HttpCommandExecutor.execute(HttpCommandExecutor.java:223)
	at org.openqa.selenium.remote.service.DriverCommandExecutor.invokeExecute(DriverCommandExecutor.java:216)
	at org.openqa.selenium.remote.service.DriverCommandExecutor.execute(DriverCommandExecutor.java:174)
	at org.openqa.selenium.remote.RemoteWebDriver.execute(RemoteWebDriver.java:606)
	at org.openqa.selenium.remote.RemoteWebDriver.get(RemoteWebDriver.java:374)
	at com.juaracoding.kelompok1.LoginTest.the_user_is_on_the_login_page(LoginTest.java:24)
	at ✽.the user is on the login page(file:///D:/Juara%20Coding/tugas-kelompok1/src/main/resources/features/Login.feature:4)
]]></failure>
    <system-out><![CDATA[
&amp#27;[1mScenario:&amp#27;[22m Successful login with valid credentials            &amp#27;[90m# src/main/resources/features/Login.feature:6&amp#27;[39m
  &amp#27;[31m✘&amp#27;[39m &amp#27;[31m&amp#27;[1mGiven &amp#27;[22mthe user is on the login page&amp#27;[39m                      &amp#27;[90m# com.juaracoding.kelompok1.LoginTest.the_user_is_on_the_login_page()&amp#27;[39m
        &amp#27;[31morg.openqa.selenium.NoSuchSessionException: invalid session id&amp#27;[39m
        &amp#27;[31mBuild info: version: '4.43.0', revision: 'dd0f534'&amp#27;[39m
        &amp#27;[31mSystem info: os.name: 'Windows 10', os.arch: 'amd64', os.version: '10.0', java.version: '25.0.2'&amp#27;[39m
        &amp#27;[31mDriver info: org.openqa.selenium.chrome.ChromeDriver&amp#27;[39m
        &amp#27;[31mCommand: [0f6f8fd94552e4792d17eb366a713927, get {url=https://magang.dikahadir.com/authentication/login}]&amp#27;[39m
        &amp#27;[31mCapabilities {acceptInsecureCerts: false, browserName: chrome, browserVersion: 147.0.7727.102, chrome: {chromedriverVersion: 147.0.7727.117 (474cc805edd..., userDataDir: C:\Users\62819\AppData\Loca...}, fedcm:accounts: true, goog:chromeOptions: {debuggerAddress: localhost:55044}, goog:processID: 17680, networkConnectionEnabled: false, pageLoadStrategy: normal, platformName: windows, proxy: Proxy(), se:cdp: ws://localhost:55044/devtoo..., se:cdpVersion: 147.0.7727.102, setWindowRect: true, strictFileInteractability: false, timeouts: {implicit: 0, pageLoad: 300000, script: 30000}, unhandledPromptBehavior: dismiss and notify, webauthn:extension:credBlob: true, webauthn:extension:largeBlob: true, webauthn:extension:minPinLength: true, webauthn:extension:prf: true, webauthn:virtualAuthenticators: true}&amp#27;[39m
        &amp#27;[31mSession ID: 0f6f8fd94552e4792d17eb366a713927&amp#27;[39m
        &amp#27;[31m	at org.openqa.selenium.remote.ErrorCodec.decode(ErrorCodec.java:169)&amp#27;[39m
        &amp#27;[31m	at org.openqa.selenium.remote.codec.w3c.W3CHttpResponseCodec.decode(W3CHttpResponseCodec.java:142)&amp#27;[39m
        &amp#27;[31m	at org.openqa.selenium.remote.codec.w3c.W3CHttpResponseCodec.decode(W3CHttpResponseCodec.java:49)&amp#27;[39m
        &amp#27;[31m	at org.openqa.selenium.remote.HttpCommandExecutor.execute(HttpCommandExecutor.java:223)&amp#27;[39m
        &amp#27;[31m	at org.openqa.selenium.remote.service.DriverCommandExecutor.invokeExecute(DriverCommandExecutor.java:216)&amp#27;[39m
        &amp#27;[31m	at org.openqa.selenium.remote.service.DriverCommandExecutor.execute(DriverCommandExecutor.java:174)&amp#27;[39m
        &amp#27;[31m	at org.openqa.selenium.remote.RemoteWebDriver.execute(RemoteWebDriver.java:606)&amp#27;[39m
        &amp#27;[31m	at org.openqa.selenium.remote.RemoteWebDriver.get(RemoteWebDriver.java:374)&amp#27;[39m
        &amp#27;[31m	at com.juaracoding.kelompok1.LoginTest.the_user_is_on_the_login_page(LoginTest.java:24)&amp#27;[39m
        &amp#27;[31m	at ✽.the user is on the login page(file:///D:/Juara%20Coding/tugas-kelompok1/src/main/resources/features/Login.feature:4)&amp#27;[39m
  &amp#27;[36m↷&amp#27;[39m &amp#27;[36m&amp#27;[1mWhen &amp#27;[22mthe user enters valid email and password&amp#27;[39m            &amp#27;[90m# com.juaracoding.kelompok1.LoginTest.the_user_enters_valid_email_and_password()&amp#27;[39m
  &amp#27;[36m↷&amp#27;[39m &amp#27;[36m&amp#27;[1mAnd &amp#27;[22mclicks the login button&amp#27;[39m                              &amp#27;[90m# com.juaracoding.kelompok1.LoginTest.clicks_the_login_button()&amp#27;[39m
  &amp#27;[36m↷&amp#27;[39m &amp#27;[36m&amp#27;[1mThen &amp#27;[22mthe user should be redirected to the dashboard page&amp#27;[39m &amp#27;[90m# com.juaracoding.kelompok1.LoginTest.the_user_should_be_redirected_to_the_dashboard_page()&amp#27;[39m
  &amp#27;[36m↷&amp#27;[39m &amp#27;[36m&amp#27;[1mAnd &amp#27;[22mthe page header should display Logo Hadir&amp#27;[39m            &amp#27;[90m# com.juaracoding.kelompok1.LoginTest.the_page_header_should_display_Logo_Hadir()&amp#27;[39m
        &amp#27;[31morg.openqa.selenium.NoSuchSessionException: invalid session id&amp#27;[39m
        &amp#27;[31mBuild info: version: '4.43.0', revision: 'dd0f534'&amp#27;[39m
        &amp#27;[31mSystem info: os.name: 'Windows 10', os.arch: 'amd64', os.version: '10.0', java.version: '25.0.2'&amp#27;[39m
        &amp#27;[31mDriver info: org.openqa.selenium.chrome.ChromeDriver&amp#27;[39m
        &amp#27;[31mCommand: [0f6f8fd94552e4792d17eb366a713927, screenshot {}]&amp#27;[39m
        &amp#27;[31mCapabilities {acceptInsecureCerts: false, browserName: chrome, browserVersion: 147.0.7727.102, chrome: {chromedriverVersion: 147.0.7727.117 (474cc805edd..., userDataDir: C:\Users\62819\AppData\Loca...}, fedcm:accounts: true, goog:chromeOptions: {debuggerAddress: localhost:55044}, goog:processID: 17680, networkConnectionEnabled: false, pageLoadStrategy: normal, platformName: windows, proxy: Proxy(), se:cdp: ws://localhost:55044/devtoo..., se:cdpVersion: 147.0.7727.102, setWindowRect: true, strictFileInteractability: false, timeouts: {implicit: 0, pageLoad: 300000, script: 30000}, unhandledPromptBehavior: dismiss and notify, webauthn:extension:credBlob: true, webauthn:extension:largeBlob: true, webauthn:extension:minPinLength: true, webauthn:extension:prf: true, webauthn:virtualAuthenticators: true}&amp#27;[39m
        &amp#27;[31mSession ID: 0f6f8fd94552e4792d17eb366a713927&amp#27;[39m
        &amp#27;[31m	at org.openqa.selenium.remote.ErrorCodec.decode(ErrorCodec.java:169)&amp#27;[39m
        &amp#27;[31m	at org.openqa.selenium.remote.codec.w3c.W3CHttpResponseCodec.decode(W3CHttpResponseCodec.java:142)&amp#27;[39m
        &amp#27;[31m	at org.openqa.selenium.remote.codec.w3c.W3CHttpResponseCodec.decode(W3CHttpResponseCodec.java:49)&amp#27;[39m
        &amp#27;[31m	at org.openqa.selenium.remote.HttpCommandExecutor.execute(HttpCommandExecutor.java:223)&amp#27;[39m
        &amp#27;[31m	at org.openqa.selenium.remote.service.DriverCommandExecutor.invokeExecute(DriverCommandExecutor.java:216)&amp#27;[39m
        &amp#27;[31m	at org.openqa.selenium.remote.service.DriverCommandExecutor.execute(DriverCommandExecutor.java:174)&amp#27;[39m
        &amp#27;[31m	at org.openqa.selenium.remote.RemoteWebDriver.execute(RemoteWebDriver.java:606)&amp#27;[39m
        &amp#27;[31m	at org.openqa.selenium.remote.RemoteWebDriver.execute(RemoteWebDriver.java:688)&amp#27;[39m
        &amp#27;[31m	at org.openqa.selenium.remote.RemoteWebDriver.execute(RemoteWebDriver.java:692)&amp#27;[39m
        &amp#27;[31m	at org.openqa.selenium.remote.RemoteWebDriver.getScreenshotAs(RemoteWebDriver.java:395)&amp#27;[39m
        &amp#27;[31m	at com.juaracoding.kelompok1.utils.Hooks.tearDown(Hooks.java:47)&amp#27;[39m
]]></system-out>
  </testcase>
</testsuite>